
============================================================
实验开始 | 难度: extreme | 目标: 附魔台
支线: ['钻石剑', '钻石胸甲', '床', '书架', '盾牌', '面包']
生存模式: True
============================================================
  Step 1: [✓] 砍树 | 动作成功：获得 原木×2
[HP:20/20 饥饿:20/20 位置:森林 时间:白天]
          ├─ thought: 我需要完成最终目标：合成附魔台。首先从基础开始，先砍树获取原木。...
  Step 2: [✓] 合成 木板 | 动作成功：合成了木板×4
[HP:20/20 饥饿:20/20 位置:森林 时间:白天]
          ├─ thought: 我有2个原木，首先需要将原木合成为木板...
  Step 3: [✓] 合成 木板 | 动作成功：合成了木板×4
[HP:20/20 饥饿:20/20 位置:森林 时间:白天]
          ├─ thought: 我需要继续合成工具。现在有原木×1和木板×4，先用剩余原木合成更多木板，然后制作工作台和木镐...
  Step 4: [✓] 合成 工作台 | 动作成功：合成了工作台×1
[HP:20/20 饥饿:19/20 位置:森林 时间:白天]
          ├─ thought: 我已经有8个木板，现在需要制作工作台和基础工具。首先合成工作台，需要4个木板...
  Step 5: [✓] 合成 木棍 | 动作成功：合成了木棍×4
[HP:20/20 饥饿:19/20 位置:森林 时间:白天]
          ├─ thought: 现在我有木板和工作台，需要制作木棍和木镐，以便开始挖矿...
  Step 6: [✗] 合成 木镐 | 动作失败：材料不足，无法合成木镐。(缺1个木板)
[HP:20/20 饥饿:19/20 位置:森林 时间:白天]
          ├─ thought: 我需要继续制作基础工具。首先需要制作木镐来挖矿...
  Step 7: [✓] 砍树 | 动作成功：获得 原木×1
[HP:20/20 饥饿:19/20 位置:森林 时间:白天]
          ├─ thought: 我需要更多木板来合成木镐，先砍树获取原木...
  Step 8: [✓] 合成 木板 | 动作成功：合成了木板×4
[HP:20/20 饥饿:18/20 位置:森林 时间:白天]
          ├─ thought: 我需要继续合成木镐。首先将原木转换为木板，然后合成木镐...
  Step 9: [✓] 合成 木镐 | 动作成功：合成了木镐×1
[HP:20/20 饥饿:18/20 位置:森林 时间:白天]
          ├─ thought: 现在我需要合成木镐，已经有足够的木板和木棍了...
  Step 10: [✓] 移动 矿洞 | 动作成功：从森林移动到矿洞。深邃的矿洞，可以挖掘各种矿石
[HP:20/20 饥饿:18/20 位置:矿洞 时间:白天]
          ├─ thought: 我需要移动到矿洞，用木镐挖圆石来制作石镐和熔炉...
  Step 11: [✓] 挖矿 圆石 | 动作成功：使用木镐挖出圆石×1。
[HP:20/20 饥饿:18/20 位置:矿洞 时间:白天]
          ├─ thought: 现在我在矿洞，有木镐，可以开始挖圆石。圆石是制作石工具和熔炉的必要材料。...
  Step 12: [✓] 挖矿 圆石 | 动作成功：使用木镐挖出圆石×1。
[HP:20/20 饥饿:17/20 位置:矿洞 时间:白天]
          ├─ thought: 我需要继续挖圆石来制作石镐和熔炉。熔炉需要8个圆石，石镐需要3个圆石。我已有1个圆石，还需要10个。...
  Step 13: [✓] 挖矿 圆石 | 动作成功：使用木镐挖出圆石×1。
[HP:20/20 饥饿:17/20 位置:矿洞 时间:白天]
          ├─ thought: 我需要继续挖圆石来制作石镐和熔炉。目前只有2个圆石，需要更多。...
  Step 14: [✓] 挖矿 圆石 | 动作成功：使用木镐挖出圆石×1。
夜晚降临，但在安全期内，没有怪物出现。
[HP:20/20 饥饿:17/20 位置:矿洞 时间:夜晚] ⚠ 1信号
          ├─ thought: 我需要继续收集圆石来制作石镐和熔炉。目前已有3个圆石，熔炉需要8个圆石，石镐需要3个圆石，所以我还需要至少8个圆石。...
          └─ [HIGH] action_loop: 最近8步中'挖矿 圆石'出现5次
  Step 15: [✓] 挖矿 圆石 | 动作成功：使用木镐挖出圆石×1。
夜晚降临，但在安全期内，没有怪物出现。
[HP:20/20 饥饿:17/20 位置:矿洞 时间:夜晚] ⚠ 1信号
          ├─ thought: 我需要继续收集圆石来合成石镐和熔炉。石镐需要3个圆石，熔炉需要8个圆石，目前只有4个圆石，还需要至少7个。...
          └─ [HIGH] action_loop: 最近8步中'挖矿 圆石'出现6次
  Step 16: [✓] 挖矿 圆石 | 动作成功：使用木镐挖出圆石×1。
夜晚降临，但在安全期内，没有怪物出现。
[HP:20/20 饥饿:16/20 位置:矿洞 时间:夜晚] ⚠ 1信号
          ├─ thought: 我需要继续挖圆石，以便合成石镐和熔炉。熔炉需要8个圆石，目前有5个，还需要3个。...
          └─ [HIGH] action_loop: 最近8步中'挖矿 圆石'出现7次
  Step 17: [✓] 挖矿 圆石 | 动作成功：使用木镐挖出圆石×1。
夜晚降临，但在安全期内，没有怪物出现。
[HP:20/20 饥饿:16/20 位置:矿洞 时间:夜晚] ⚠ 1信号
          ├─ thought: 我需要继续挖圆石，以便合成石镐和熔炉。熔炉需要8个圆石，目前有6个，还需要2个。...
          └─ [HIGH] action_loop: 最近8步中'挖矿 圆石'出现8次
  Step 18: [✓] 挖矿 圆石 | 动作成功：使用木镐挖出圆石×1。
夜晚降临，但在安全期内，没有怪物出现。
[HP:20/20 饥饿:16/20 位置:矿洞 时间:夜晚] ⚠ 1信号
          ├─ thought: 需要继续挖圆石，目标是获得8个圆石来合成熔炉。目前已有7个，还需要1个。...
          └─ [HIGH] action_loop: 最近8步中'挖矿 圆石'出现8次
  Step 19: [✓] 合成 石镐 | 动作成功：合成了石镐×1
夜晚降临，但在安全期内，没有怪物出现。
[HP:20/20 饥饿:16/20 位置:矿洞 时间:夜晚] ⚠ 1信号
          ├─ thought: 我已经收集了8个圆石，可以合成石镐和熔炉了。先合成石镐，需要3个圆石和2个木棍，我有足够的材料。...
          └─ [HIGH] action_loop: 最近8步中'挖矿 圆石'出现6次
  Step 20: [✓] 挖矿 圆石 | 动作成功：使用木镐挖出圆石×1。
[HP:20/20 饥饿:15/20 位置:矿洞 时间:白天] ⚠ 1信号
          ├─ thought: 我需要继续完成任务。现在我有石镐，可以挖铁矿石了。同时还需要合成熔炉，需要8个圆石，目前有5个，还需要3个。...
          └─ [HIGH] action_loop: 最近8步中'挖矿 圆石'出现7次
  Step 21: [✓] 挖矿 圆石 | 动作成功：使用木镐挖出圆石×1。
[HP:20/20 饥饿:15/20 位置:矿洞 时间:白天] ⚠ 2信号
          ├─ thought: 我需要继续收集资源来完成任务。现在我有石镐，可以挖铁矿石了，先收集足够的圆石来制作熔炉。...
          └─ [HIGH] action_loop: 最近8步中'挖矿 圆石'出现7次
          └─ [MEDIUM] tool_ignorance: 木镐仅剩2耐久，思考中未提及
  Step 22: [✓] 挖矿 圆石 | 动作成功：使用木镐挖出圆石×1。
[HP:20/20 饥饿:15/20 位置:矿洞 时间:白天] ⚠ 2信号
          ├─ thought: 我需要继续收集圆石来合成熔炉，还需要1个圆石才有8个可以合成熔炉...
          └─ [HIGH] action_loop: 最近8步中'挖矿 圆石'出现7次
          └─ [MEDIUM] tool_ignorance: 木镐仅剩1耐久，思考中未提及
  Step 23: [✓] 合成 熔炉 | 动作成功：合成了熔炉×1
[HP:20/20 饥饿:15/20 位置:矿洞 时间:白天] ⚠ 1信号
          ├─ thought: 我需要合成熔炉来熔炼铁矿石，已经有足够的圆石了...
          └─ [HIGH] action_loop: 最近8步中'挖矿 圆石'出现5次
  Step 24: [✓] 挖矿 铁矿石 | 动作成功：使用石镐挖出铁矿石×1。
[HP:20/20 饥饿:14/20 位置:矿洞 时间:白天] ⚠ 1信号
          ├─ thought: 我需要完成支线任务和最终目标。现在我已经有了石镐和熔炉，接下来需要挖铁矿石来制作铁镐，然后才能挖钻石。...
          └─ [MEDIUM] tool_ignorance: 木镐仅剩1耐久，思考中未提及
  Step 25: [✓] 挖矿 铁矿石 | 动作成功：使用石镐挖出铁矿石×1。
[HP:20/20 饥饿:14/20 位置:矿洞 时间:白天] ⚠ 1信号
          ├─ thought: 我需要继续挖铁矿石来制作铁镐，这样才能挖钻石。目前只有1个铁矿石，需要至少3个来制作铁镐...
          └─ [MEDIUM] tool_ignorance: 木镐仅剩1耐久，思考中未提及
  Step 26: [✓] 挖矿 铁矿石 | 动作成功：使用石镐挖出铁矿石×1。
[HP:20/20 饥饿:14/20 位置:矿洞 时间:白天] ⚠ 1信号
          ├─ thought: 我需要继续挖铁矿石并熔炼成铁锭，为制作铁镐做准备。...
          └─ [MEDIUM] tool_ignorance: 木镐仅剩1耐久，思考中未提及
  Step 27: [✓] 挖矿 煤炭 | 动作成功：使用木镐挖出煤炭×2。 ⚠ 木镐已损坏！
[HP:20/20 饥饿:14/20 位置:矿洞 时间:白天]
          ├─ thought: 我需要熔炼铁矿石来获得铁锭，制作铁镐以便挖钻石。我已经有熔炉和铁矿石了，但需要燃料。先挖煤炭。...
  Step 28: [✓] 熔炼 铁矿石 | 动作成功：将铁矿石熔炼为铁锭×1
[HP:20/20 饥饿:13/20 位置:矿洞 时间:白天]
          ├─ thought: 我需要熔炼铁矿石来获得铁锭，这样才能制作铁镐。我有煤炭和铁矿石，可以开始熔炼了。...
  Step 29: [✓] 熔炼 铁矿石 | 动作成功：将铁矿石熔炼为铁锭×1
[HP:20/20 饥饿:13/20 位置:矿洞 时间:白天]
          ├─ thought: 我需要继续熔炼铁矿石，然后合成铁镐来挖钻石。同时还需要完成支线任务。...
  Step 30: [✓] 熔炼 铁矿石 | 动作成功：将铁矿石熔炼为铁锭×1
[HP:20/20 饥饿:13/20 位置:矿洞 时间:白天]
          ├─ thought: 我需要继续熔炼剩余的铁矿石，然后合成铁镐来挖钻石。...
  Step 31: [✗] 合成 铁镐 | 动作失败：材料不足，无法合成铁镐。(缺2个木棍)
[HP:20/20 饥饿:13/20 位置:矿洞 时间:白天]
          ├─ thought: 我需要合成铁镐来挖钻石。我已经有3个铁锭和足够的木棍，可以直接合成铁镐。...
  Step 32: [✓] 合成 木棍 | 动作成功：合成了木棍×4
[HP:20/20 饥饿:12/20 位置:矿洞 时间:白天]
          ├─ thought: 我需要合成铁镐，但缺少木棍。先合成木棍...
  Step 33: [✓] 合成 铁镐 | 动作成功：合成了铁镐×1
[HP:20/20 饥饿:12/20 位置:矿洞 时间:白天]
          ├─ thought: 现在我需要合成铁镐来挖钻石。我已经有足够的材料了...
  Step 34: [✓] 挖矿 钻石 | 动作成功：使用铁镐挖出钻石×1。
夜晚降临，但在安全期内，没有怪物出现。
[HP:20/20 饥饿:12/20 位置:矿洞 时间:夜晚]
          ├─ thought: 现在我需要继续完成任务。我已经有了铁镐，下一步需要挖钻石。根据流程指引，我需要用铁镐挖钻石，然后制作钻石镐和钻石剑。...
  Step 35: [✓] 挖矿 钻石 | 动作成功：使用铁镐挖出钻石×1。
夜晚降临，但在安全期内，没有怪物出现。
[HP:20/20 饥饿:12/20 位置:矿洞 时间:夜晚]
          ├─ thought: 我需要继续挖钻石，目标是获得更多钻石来合成钻石剑、钻石胸甲和钻石镐(用于挖黑曜石)...
  Step 36: [✓] 挖矿 钻石 | 动作成功：使用铁镐挖出钻石×1。
夜晚降临，但在安全期内，没有怪物出现。
[HP:20/20 饥饿:11/20 位置:矿洞 时间:夜晚]
          ├─ thought: 我需要继续挖钻石，因为支线任务需要钻石剑和钻石胸甲，最终目标附魔台也需要钻石镐来挖黑曜石...
  Step 37: [✓] 合成 钻石剑 | 动作成功：合成了钻石剑×1
夜晚降临，但在安全期内，没有怪物出现。
[HP:20/20 饥饿:11/20 位置:矿洞 时间:夜晚]
          ├─ thought: 我需要继续完成支线任务和最终目标。首先，我已经有3个钻石，可以合成钻石剑，这是支线任务之一。...
  Step 38: [✓] 挖矿 钻石 | 动作成功：使用铁镐挖出钻石×1。
夜晚降临，但在安全期内，没有怪物出现。
[HP:20/20 饥饿:11/20 位置:矿洞 时间:夜晚] ⚠ 1信号
          ├─ thought: 我需要继续完成支线任务。已经完成了钻石剑，还需要钻石胸甲、床、书架、盾牌和面包。接下来我应该挖更多的钻石来制作钻石胸甲，需要8个钻石。...
          └─ [HIGH] action_loop: 最近8步中'挖矿 钻石'出现5次
  Step 39: [✓] 挖矿 钻石 | 动作成功：使用铁镐挖出钻石×1。
夜晚降临，但在安全期内，没有怪物出现。
[HP:20/20 饥饿:11/20 位置:矿洞 时间:夜晚] ⚠ 1信号
          ├─ thought: 我需要继续完成支线任务。目前已经有钻石剑，还需要钻石胸甲、床、书架、盾牌和面包。我需要挖更多的钻石来制作钻石胸甲和钻石镐(用于挖黑曜石)。...
          └─ [HIGH] action_loop: 最近8步中'挖矿 钻石'出现6次
  Step 40: [✓] 挖矿 钻石 | 动作成功：使用铁镐挖出钻石×1。
[HP:20/20 饥饿:10/20 位置:矿洞 时间:白天] ⚠ 1信号
          ├─ thought: 我需要继续收集钻石来合成钻石胸甲和钻石镐。钻石胸甲需要8个钻石，目前只有3个，还需要5个。同时也需要钻石镐来挖黑曜石。...
          └─ [HIGH] action_loop: 最近8步中'挖矿 钻石'出现7次
  Step 41: [✓] 挖矿 钻石 | 动作成功：使用铁镐挖出钻石×1。
[HP:20/20 饥饿:10/20 位置:矿洞 时间:白天] ⚠ 1信号
          ├─ thought: 我需要继续完成支线任务。现在已经有了钻石剑，还需要钻石胸甲、床、书架、盾牌和面包。钻石胸甲需要8个钻石，目前只有4个，继续挖钻石...
          └─ [HIGH] action_loop: 最近8步中'挖矿 钻石'出现7次
  Step 42: [✓] 挖矿 钻石 | 动作成功：使用铁镐挖出钻石×1。
[HP:20/20 饥饿:10/20 位置:矿洞 时间:白天] ⚠ 1信号
          ├─ thought: 我需要完成支线任务和主线任务。已经完成了钻石剑，接下来需要合成钻石胸甲、床、书架、盾牌和面包，最终目标是附魔台。现在需要继续挖钻石来合成钻石胸甲，还需要挖黑曜石用于附魔台。...
          └─ [HIGH] action_loop: 最近8步中'挖矿 钻石'出现7次
  Step 43: [✓] 挖矿 钻石 | 动作成功：使用铁镐挖出钻石×1。
[HP:20/20 饥饿:10/20 位置:矿洞 时间:白天] ⚠ 1信号
          ├─ thought: 我需要完成支线任务，已经制作了钻石剑，现在需要制作钻石胸甲。我有6个钻石，需要8个钻石才能制作钻石胸甲，所以我需要再挖2个钻石。...
          └─ [HIGH] action_loop: 最近8步中'挖矿 钻石'出现7次
  Step 44: [✓] 挖矿 钻石 | 动作成功：使用铁镐挖出钻石×1。
[HP:20/20 饥饿:9/20 位置:矿洞 时间:白天] ⚠ 1信号
          ├─ thought: 我需要完成支线任务和最终目标。已经完成了钻石剑，还需要完成钻石胸甲、床、书架、盾牌、面包和附魔台。现在我有7个钻石，需要8个钻石才能合成钻石胸甲，所以我需要再挖一个钻石。...
          └─ [HIGH] action_loop: 最近8步中'挖矿 钻石'出现8次
  Step 45: [✓] 合成 钻石胸甲 | 动作成功：合成了钻石胸甲×1
[HP:20/20 饥饿:9/20 位置:矿洞 时间:白天] ⚠ 1信号
          ├─ thought: 我已经有了钻石剑，现在需要完成其他支线任务。我需要合成钻石胸甲，需要8个钻石，我已经有了8个钻石，可以直接合成。...
          └─ [HIGH] action_loop: 最近8步中'挖矿 钻石'出现6次
  Step 46: [✗] 合成 钻石镐 | 动作失败：材料不足，无法合成钻石镐。(缺3个钻石, 缺1个木棍)
[HP:20/20 饥饿:9/20 位置:矿洞 时间:白天] ⚠ 1信号
          ├─ thought: 我需要继续完成支线任务。我已经完成了钻石剑和钻石胸甲。接下来需要合成钻石镐，挖黑曜石，然后制作床、书架、盾牌和面包。现在先合成钻石镐。...
          └─ [HIGH] action_loop: 最近8步中'挖矿 钻石'出现5次
  Step 47: [✓] 挖矿 钻石 | 动作成功：使用铁镐挖出钻石×1。
[HP:20/20 饥饿:9/20 位置:矿洞 时间:白天] ⚠ 1信号
          ├─ thought: 我需要继续完成支线任务和最终目标。现在我需要合成钻石镐来挖黑曜石，但缺少钻石和木棍。先挖更多钻石。...
          └─ [HIGH] action_loop: 最近8步中'挖矿 钻石'出现6次
  Step 48: [✓] 挖矿 钻石 | 动作成功：使用铁镐挖出钻石×1。
[HP:20/20 饥饿:8/20 位置:矿洞 时间:白天] ⚠ 1信号
          ├─ thought: 我需要继续完成任务。现在我已经有了钻石剑和钻石胸甲，但还需要完成钻石镐来挖黑曜石。我需要再挖2个钻石，并制作更多木棍。...
          └─ [HIGH] action_loop: 最近8步中'挖矿 钻石'出现6次
  Step 49: [✓] 挖矿 钻石 | 动作成功：使用铁镐挖出钻石×1。
[HP:20/20 饥饿:8/20 位置:矿洞 时间:白天] ⚠ 1信号
          ├─ thought: 我需要继续挖钻石以合成钻石镐，同时还需要木棍。我还需要挖黑曜石，并收集其他材料来完成支线任务。现在先挖第三个钻石。...
          └─ [HIGH] action_loop: 最近8步中'挖矿 钻石'出现6次
  Step 50: [✗] 合成 木棍 | 动作失败：材料不足，无法合成木棍。(缺1个木板)
[HP:20/20 饥饿:8/20 位置:矿洞 时间:白天]
          ├─ thought: 我需要完成的支线任务还有：床、书架、盾牌和面包。最终目标是附魔台，需要钻石镐挖黑曜石。先合成钻石镐，还需要1个木棍。...
  Step 51: [✓] 移动 森林 | 动作成功：从矿洞移动到森林。茂密的森林，可以砍树、打猎和采集苹果
[HP:20/20 饥饿:8/20 位置:森林 时间:白天]
          ├─ thought: 我需要完成钻石镐来挖黑曜石，但缺少木板和木棍。先移动到森林砍树。...
  Step 52: [✓] 砍树 | 动作成功：获得 原木×1
[HP:20/20 饥饿:7/20 位置:森林 时间:白天]
          ├─ thought: 我需要继续完成支线任务和最终目标。现在需要砍树获取更多原木，用于合成木棍和其他物品。...
  Step 53: [✓] 合成 木板 | 动作成功：合成了木板×4
[HP:20/20 饥饿:7/20 位置:森林 时间:白天]
          ├─ thought: 我需要继续完成支线任务。现在我已经有了钻石剑和钻石胸甲，还需要制作床、书架、盾牌和面包，最终目标是附魔台。首先把原木合成木板...
  Step 54: [✓] 合成 木棍 | 动作成功：合成了木棍×4
⚠ 夜晚降临！黑暗中难以防卫，受到1点伤害(护甲减免2点)！(HP:19/20)
[HP:19/20 饥饿:7/20 位置:森林 时间
          ├─ thought: 我需要完成钻石镐来挖黑曜石。首先合成木棍，然后合成钻石镐...
  Step 55: [✓] 合成 火把 | 动作成功：合成了火把×4
⚠ 夜晚降临！借着火把的微光抵御了部分袭击，受到1点伤害(护甲减免0点)！(HP:18/20)
[HP:18/20 饥饿:7/20 位
          ├─ thought: 现在我需要继续完成任务。当前是夜晚，我有钻石胸甲和钻石剑，但还是受到了伤害。我应该先合成火把来减少夜间伤害，然后再继续任务。我需要合成钻石镐来挖黑曜石，并且还需要完成支线任务：床、书架、盾牌和面包。...
  Step 56: [✗] 建造 避难所 | 动作失败：建造避难所材料不足。(缺1个门, 缺13个木板, 缺16个圆石)（提示：门需先合成，配方为6木板）
⚠ 夜晚降临！借着火把的微光抵御了部分袭击，受到1
          ├─ thought: 我需要继续完成支线任务。现在我有钻石剑和钻石胸甲，还需要制作床、书架、盾牌和面包。先回到矿洞，用钻石合成钻石镐，然后挖黑曜石。但现在是夜晚，先建造避难所保护自己。...
  Step 57: [✓] 移动 矿洞 | 动作成功：从森林移动到矿洞。深邃的矿洞，可以挖掘各种矿石
⚠ 夜晚降临！借着火把的微光抵御了部分袭击，受到1点伤害(护甲减免3点)！(HP:16/20)
[HP
          ├─ thought: 现在是夜晚，我需要尽快回到矿洞完成钻石镐的合成，然后继续完成支线任务和最终目标。我已经有足够的木棍和钻石来合成钻石镐。...
  Step 58: [✓] 合成 钻石镐 | 动作成功：合成了钻石镐×1
⚠ 夜晚降临！借着火把的微光抵御了部分袭击，受到1点伤害(护甲减免3点)！(HP:15/20)
[HP:15/20 饥饿:6/20 
          ├─ thought: 我需要合成钻石镐来挖黑曜石。我已经有3个钻石和足够的木棍，可以合成钻石镐了。...
  Step 59: [✓] 挖矿 黑曜石 | 动作成功：使用钻石镐挖出黑曜石×1。
⚠ 夜晚降临！借着火把的微光抵御了部分袭击，受到1点伤害(护甲减免3点)！(HP:14/20)
[HP:14/20 饥饿:
          ├─ thought: 我需要继续完成支线任务。我已经完成了钻石剑和钻石胸甲，还需要完成床、书架、盾牌和面包。现在我有钻石镐，可以挖黑曜石了，但我还需要先挖4个黑曜石用于附魔台。...
  Step 60: [✓] 挖矿 黑曜石 | ⚠ 你很饿，HP-1！(HP:13/20)
动作成功：使用钻石镐挖出黑曜石×1。
[HP:13/20 饥饿:5/20 位置:矿洞 时间:白天]
          ├─ thought: 我需要继续挖黑曜石来制作附魔台，同时也需要准备制作书架和其他支线任务所需物品。现在先继续挖黑曜石。...
  Step 61: [✓] 挖矿 黑曜石 | ⚠ 你很饿，HP-1！(HP:12/20)
动作成功：使用钻石镐挖出黑曜石×1。
[HP:12/20 饥饿:5/20 位置:矿洞 时间:白天]
          ├─ thought: 我需要继续完成任务。首先，我需要挖更多黑曜石来制作附魔台。同时我的饥饿值较低，需要考虑获取食物。...
  Step 62: [✓] 挖矿 黑曜石 | ⚠ 你很饿，HP-1！(HP:11/20)
动作成功：使用钻石镐挖出黑曜石×1。
[HP:11/20 饥饿:5/20 位置:矿洞 时间:白天] ⚠ 1信号
          ├─ thought: 我需要继续挖黑曜石来合成附魔台，还需要1个黑曜石。同时我的饥饿值很低，需要获取食物。...
          └─ [HIGH] action_loop: 最近8步中'挖矿 黑曜石'出现5次
  Step 63: [✓] 移动 平原 | ⚠ 你很饿，HP-1！(HP:10/20)
动作成功：从矿洞移动到平原。开阔的平原，可以放牧、收割小麦和甘蔗
[HP:10/20 饥饿:5/20 位置:平原 时
          ├─ thought: 我需要完成支线任务和最终目标。目前已经完成了钻石剑和钻石胸甲，还需要完成床、书架、盾牌、面包和附魔台。我现在饥饿值低，应该先移动到平原获取小麦制作面包。...
  Step 64: [✓] 采集 小麦 | ⚠ 你很饿，HP-1！(HP:9/20)
动作成功：获得 小麦×1
[HP:9/20 饥饿:4/20 位置:平原 时间:白天]
          ├─ thought: 我需要完成支线任务，目前已完成钻石剑和钻石胸甲。还需要床、书架、盾牌和面包。在平原可以收集小麦和甘蔗，先收集小麦来制作面包...
  Step 65: [✓] 采集 小麦 | ⚠ 你很饿，HP-1！(HP:8/20)
动作成功：获得 小麦×3
[HP:8/20 饥饿:4/20 位置:平原 时间:白天]
          ├─ thought: 我需要继续完成支线任务。现在饥饿值很低，先采集更多小麦制作面包。...
  Step 66: [✓] 合成 面包 | ⚠ 你很饿，HP-1！(HP:7/20)
动作成功：合成了面包×1
[HP:7/20 饥饿:4/20 位置:平原 时间:白天]
          ├─ thought: 当前饥饿值很低，需要先制作面包恢复饥饿值。我有4个小麦，可以合成1个面包...
  Step 67: [✓] 吃 面包 | ⚠ 你很饿，HP-1！(HP:6/20)
动作成功：吃了面包，恢复5点饥饿值。(饥饿:9/20)
[HP:6/20 饥饿:9/20 位置:平原 时间:白天]
          ├─ thought: 我的饥饿值很低，HP也在下降，应该先吃面包恢复饥饿值...
  Step 68: [✓] 采集 甘蔗 | 动作成功：获得 甘蔗×2
[HP:6/20 饥饿:8/20 位置:平原 时间:白天]
          ├─ thought: 我需要完成支线任务和最终目标。已经完成了钻石剑和钻石胸甲，还需要完成床、书架、盾牌、面包和附魔台。我已经有了黑曜石和钻石，但还需要书。先采集甘蔗来制作纸，然后需要皮革来制作书。...
  Step 69: [✓] 采集 甘蔗 | 动作成功：获得 甘蔗×2
[HP:6/20 饥饿:8/20 位置:平原 时间:白天]
          ├─ thought: 我需要继续完成任务。目前已经完成了钻石剑和钻石胸甲，还需要完成床、书架、盾牌、面包和附魔台。我已经有面包了，现在需要采集更多甘蔗来制作纸，然后制作书。同时还需要获取羊毛来制作床。...
  Step 70: [✓] 采集 甘蔗 | 动作成功：获得 甘蔗×1
[HP:6/20 饥饿:8/20 位置:平原 时间:白天]
          ├─ thought: 我需要完成支线任务和最终目标。还需要做的有：床、书架、盾牌、面包和附魔台。我已经有面包了，但还需要甘蔗来做纸，然后做书和书架。我已经有4个甘蔗，再采集1个就够做3个纸了。...
  Step 71: [✓] 合成 纸 | 动作成功：合成了纸×3
[HP:6/20 饥饿:8/20 位置:平原 时间:白天]
          ├─ thought: 我需要完成支线任务，还缺书架、床、盾牌。先合成纸，然后需要获取皮革和羊毛。先把甘蔗合成纸。...
  Step 72: [✓] 打猎 | 动作成功：获得 生肉×1, 羊毛×2
[HP:6/20 饥饿:7/20 位置:平原 时间:白天]
          ├─ thought: 我需要完成支线任务和最终目标。目前已完成钻石剑和钻石胸甲，还需要完成床、书架、盾牌和面包。面包已经做好了，但还需要书架、盾牌和床。我需要先打猎获取皮革来制作书，并收集羊毛来制作床。...
  Step 73: [✓] 打猎 | 动作成功：获得 生肉×1, 羊毛×3
[HP:6/20 饥饿:7/20 位置:平原 时间:白天]
          ├─ thought: 我需要继续完成支线任务。我已经有了钻石剑和钻石胸甲，还需要制作床、书架、盾牌和面包。然后才能制作附魔台。我已经有面包了，现在需要继续收集材料。我需要更多的羊毛来制作床，需要皮革来制作书，需要铁锭和木板...
  Step 74: [✓] 打猎 | 动作成功：获得 生肉×1, 羊毛×3
⚠ 夜晚降临！借着火把的微光抵御了部分袭击，受到1点伤害(护甲减免0点)！(HP:5/20)
[HP:5/20 饥饿:7/ ⚠ 1信号
          ├─ thought: 我需要完成支线任务和最终目标。还需要制作床、书架、盾牌，并需要皮革来制作书。我应该先打猎获取更多羊毛和皮革。...
          └─ [HIGH] survival_neglect: HP仅剩5，仍在执行: 打猎
  Step 75: [✓] 移动 森林 | 动作成功：从平原移动到森林。茂密的森林，可以砍树、打猎和采集苹果
⚠ 夜晚降临！借着火把的微光抵御了部分袭击，受到1点伤害(护甲减免0点)！(HP:4/20)

          ├─ thought: 我需要完成支线任务并最终合成附魔台。目前已经完成了钻石剑和钻石胸甲，还需要床、书架、盾牌和面包。我有足够的羊毛做床，但需要更多木板。我还需要皮革来做书和盾牌。...
  Step 76: [✓] 合成 床 | 动作成功：合成了床×1
夜晚降临，你在安全的庇护中度过。
[HP:4/20 饥饿:6/20 位置:森林 时间:夜晚] ⚠ 1信号
          ├─ thought: 我的HP很低，而且是夜晚，需要尽快制作床来安全度过夜晚。我已经有足够的羊毛(8个)，但需要更多木板来制作床(需要3个木板)。我已经有3个木板，刚好够制作床。...
          └─ [HIGH] survival_neglect: HP仅剩4，仍在执行: 合成 床
  Step 77: [✓] 移动 矿洞 | 动作成功：从森林移动到矿洞。深邃的矿洞，可以挖掘各种矿石
夜晚降临，你在安全的庇护中度过。
[HP:4/20 饥饿:6/20 位置:矿洞 时间:夜晚]
          ├─ thought: 我需要完成支线任务和最终目标。目前已完成钻石剑、钻石胸甲和床。还需要完成书架、盾牌和面包，然后合成附魔台。首先我应该先恢复健康，用生肉熔炼成熟肉来吃。...
  Step 78: [✓] 熔炼 生肉 | 动作成功：将生肉熔炼为熟肉×1
夜晚降临，你在安全的庇护中度过。
[HP:4/20 饥饿:6/20 位置:矿洞 时间:夜晚] ⚠ 1信号
          ├─ thought: 我需要完成剩余支线任务：盾牌、书架。我的HP很低，先熔炼生肉恢复一些HP，然后去森林获取更多资源。...
          └─ [HIGH] survival_neglect: HP仅剩4，仍在执行: 熔炼 生肉
  Step 79: [✓] 吃 熟肉 | 动作成功：吃了熟肉，恢复8点饥饿值。(饥饿:14/20)
夜晚降临，你在安全的庇护中度过。
[HP:4/20 饥饿:14/20 位置:矿洞 时间:夜晚]
          ├─ thought: 我需要继续完成支线任务和最终目标。目前已完成钻石剑、钻石胸甲和床。还需要完成书架、盾牌、面包和附魔台。我的HP很低，先吃熟肉恢复一下。...
  Step 80: [✓] 熔炼 生肉 | 动作成功：将生肉熔炼为熟肉×1
[HP:4/20 饥饿:13/20 位置:矿洞 时间:白天] ⚠ 1信号
          ├─ thought: 我需要完成附魔台和剩余的支线任务。目前已完成钻石剑、钻石胸甲和床。还需要书架、盾牌和面包。我已有黑曜石和纸，但需要皮革来制作书。我的HP很低，需要恢复。...
          └─ [HIGH] survival_neglect: HP仅剩4，仍在执行: 熔炼 生肉
  Step 81: [✓] 吃 熟肉 | 动作成功：吃了熟肉，恢复7点饥饿值。(饥饿:20/20)
[HP:4/20 饥饿:20/20 位置:矿洞 时间:白天]
          ├─ thought: 我需要继续完成支线任务，还差书架、盾牌，然后合成附魔台。先吃熟肉恢复一些HP，然后继续执行计划。...
  Step 82: [✗] 打猎 | 动作失败：'打猎' 在矿洞无法执行。需要前往：森林, 平原
[HP:5/20 饥饿:20/20 位置:矿洞 时间:白天] ⚠ 2信号
          ├─ thought: 我需要完成支线任务和最终目标。我已经完成了钻石剑、钻石胸甲和床。还需要完成书架、盾牌和附魔台。我需要打猎获得皮革来制作书，然后合成书架。...
          └─ [HIGH] spatial_confusion: 在错误地点执行打猎: 动作失败：'打猎' 在矿洞无法执行。需要前往：森林, 平原
[HP:5/20 饥饿:20/20 位置:矿洞 时间:白天]
          └─ [HIGH] survival_neglect: HP仅剩5，仍在执行: 打猎
  Step 83: [✓] 移动 森林 | 动作成功：从矿洞移动到森林。茂密的森林，可以砍树、打猎和采集苹果
[HP:6/20 饥饿:20/20 位置:森林 时间:白天]
          ├─ thought: 我需要完成支线任务和最终目标。已经完成了钻石剑、钻石胸甲和床。还需要完成书架、盾牌、面包，然后制作附魔台。现在需要获取皮革来制作书，我应该去森林打猎获取皮革。...
  Step 84: [✓] 打猎 | 动作成功：获得 生肉×1
[HP:7/20 饥饿:19/20 位置:森林 时间:白天]
          ├─ thought: 我需要继续完成支线任务。我已经完成了钻石剑、钻石胸甲和床。还需要完成书架、盾牌和附魔台。现在我在森林，需要打猎获取皮革来制作书。...
  Step 85: [✓] 打猎 | 动作成功：获得 生肉×1, 皮革×1
[HP:8/20 饥饿:19/20 位置:森林 时间:白天]
          ├─ thought: 我需要完成剩余的支线任务和最终目标。我还需要制作书架、盾牌和附魔台。首先，我需要获取皮革来制作书，所以继续打猎。...
  Step 86: [✓] 打猎 | 动作成功：获得 生肉×2, 皮革×2
[HP:9/20 饥饿:19/20 位置:森林 时间:白天] ⚠ 1信号
          ├─ thought: 我需要继续完成支线任务。目前已完成钻石剑、钻石胸甲和床。还需要完成书架、盾牌和面包，然后才能制作附魔台。我已经有了纸，需要皮革来合成书。已经有1个皮革，但需要更多来制作书和盾牌。...
          └─ [HIGH] action_loop: 最近8步中'打猎'出现5次
  Step 87: [✓] 合成 书 | 动作成功：合成了书×1
[HP:10/20 饥饿:19/20 位置:森林 时间:白天]
          ├─ thought: 我需要完成支线任务和最终目标。目前已经完成了钻石剑、钻石胸甲、床。还需要完成书架、盾牌和面包，然后才能合成附魔台。我已经有了纸和皮革，可以先合成书。...
  Step 88: [✓] 砍树 | 动作成功：获得 原木×2
[HP:11/20 饥饿:18/20 位置:森林 时间:白天]
          ├─ thought: 我需要完成支线任务和最终目标。目前已完成了钻石剑、钻石胸甲和床，还需要完成书架、盾牌和面包，然后合成附魔台。现在先合成书架，需要木板和书，我已有1本书但需要更多。...
  Step 89: [✓] 合成 木板 | 动作成功：合成了木板×4
[HP:12/20 饥饿:18/20 位置:森林 时间:白天]
          ├─ thought: 我需要完成剩余的支线任务：盾牌和书架，然后制作附魔台。首先，我需要将原木转换为木板，用于合成这些物品。...
  Step 90: [✓] 砍树 | 动作成功：获得 原木×2
[HP:13/20 饥饿:18/20 位置:森林 时间:白天]
          ├─ thought: 我需要完成支线任务和最终目标。已经完成了钻石剑、钻石胸甲和床。还需要完成书架、盾牌和面包，然后合成附魔台。我已经有了书和黑曜石，但还需要更多的书来制作书架。先砍更多的树获取木板。...
  Step 91: [✓] 合成 木板 | 动作成功：合成了木板×4
[HP:14/20 饥饿:18/20 位置:森林 时间:白天]
          ├─ thought: 我需要继续完成支线任务和最终目标。目前已完成钻石剑、钻石胸甲和床。还需要完成书架、盾牌和面包，然后合成附魔台。首先我需要合成更多木板来制作书架。...
  Step 92: [✓] 砍树 | 动作成功：获得 原木×2
[HP:15/20 饥饿:17/20 位置:森林 时间:白天]
          ├─ thought: 我需要完成支线任务和最终目标。目前已完成钻石剑、钻石胸甲和床。还需要完成书架、盾牌、面包和附魔台。我已有书×1和黑曜石×4，但需要更多木板来制作书架，以及铁锭来制作盾牌。先继续砍树获取更多木材。...
  Step 93: [✓] 合成 木板 | 动作成功：合成了木板×4
[HP:16/20 饥饿:17/20 位置:森林 时间:白天]
          ├─ thought: 我需要继续完成支线任务。现在已经完成了钻石剑、钻石胸甲和床。还需要完成书架、盾牌和面包，然后才能制作附魔台。我有原木，先合成木板。...
  Step 94: [✓] 合成 木板 | 动作成功：合成了木板×4
夜晚降临，你在安全的庇护中度过。
[HP:17/20 饥饿:17/20 位置:森林 时间:夜晚] ⚠ 1信号
          ├─ thought: 我需要完成剩余的支线任务：书架、盾牌，然后合成附魔台。先合成书架，需要更多的书和木板。...
          └─ [HIGH] action_loop: 最近8步中'合成 木板'出现5次
  Step 95: [✗] 合成 书架 | 动作失败：材料不足，无法合成书架。(缺2个书)
夜晚降临，你在安全的庇护中度过。
[HP:18/20 饥饿:17/20 位置:森林 时间:夜晚]
          ├─ thought: 我需要继续完成支线任务。目前已完成钻石剑、钻石胸甲和床。还需要完成书架、盾牌和面包，然后合成附魔台。我已经有了书，需要更多木板来做书架，也需要铁锭来做盾牌。...
  Step 96: [✗] 合成 纸 | 动作失败：材料不足，无法合成纸。(缺1个甘蔗)
夜晚降临，你在安全的庇护中度过。
[HP:19/20 饥饿:16/20 位置:森林 时间:夜晚]
          ├─ thought: 我需要完成支线任务和最终目标。我已经有了钻石剑、钻石胸甲、床，还需要书架、盾牌、面包和附魔台。现在需要合成更多的书来制作书架。...
  Step 97: [✓] 移动 平原 | 动作成功：从森林移动到平原。开阔的平原，可以放牧、收割小麦和甘蔗
夜晚降临，你在安全的庇护中度过。
[HP:20/20 饥饿:16/20 位置:平原 时间:夜晚 ⚠ 1信号
          ├─ thought: 我需要完成剩余的支线任务。目前还需要完成：书架、盾牌，然后制作附魔台。我有书×1但需要更多书，所以需要先获取更多甘蔗和皮革来制作书。...
          └─ [MEDIUM] goal_drift: 最近10步无任何成功的主线推进动作
  Step 98: [✓] 采集 甘蔗 | 动作成功：获得 甘蔗×1
夜晚降临，你在安全的庇护中度过。
[HP:20/20 饥饿:16/20 位置:平原 时间:夜晚] ⚠ 1信号
          ├─ thought: 我需要继续完成支线任务。现在需要采集甘蔗来制作纸，然后合成书和书架。还需要铁锭来制作盾牌。...
          └─ [MEDIUM] goal_drift: 最近10步无任何成功的主线推进动作
  Step 99: [✓] 合成 纸 | 动作成功：合成了纸×3
夜晚降临，你在安全的庇护中度过。
[HP:20/20 饥饿:16/20 位置:平原 时间:夜晚]
          ├─ thought: 我需要完成支线任务和最终目标。目前已完成钻石剑、钻石胸甲和床。还需要完成书架、盾牌、面包和附魔台。我现在有3个甘蔗，可以合成纸，然后用纸和皮革合成书。...
  Step 100: [✓] 合成 书 | 动作成功：合成了书×1
[HP:20/20 饥饿:15/20 位置:平原 时间:白天]
          ├─ thought: 我需要完成支线任务中的书架、盾牌，以及最终目标附魔台。先合成书架，需要更多的书。我已有1本书，需要再做2本。我有纸和皮革，可以合成书。...
  Step 101: [✗] 合成 书 | 动作失败：材料不足，无法合成书。(缺3个纸)
[HP:20/20 饥饿:15/20 位置:平原 时间:白天]
          ├─ thought: 我需要完成剩余的支线任务：书架、盾牌和最终目标附魔台。我已经有2本书，需要再制作1本书来合成书架。然后需要制作盾牌，最后合成附魔台。...
  Step 102: [✓] 采集 甘蔗 | 动作成功：获得 甘蔗×1
[HP:20/20 饥饿:15/20 位置:平原 时间:白天]
          ├─ thought: 我需要完成支线任务中的盾牌、书架，以及最终目标附魔台。目前已有黑曜石和书，但还需要合成书架。首先需要采集更多甘蔗来制作纸，再合成书。...
  Step 103: [✓] 采集 甘蔗 | 动作成功：获得 甘蔗×1
[HP:20/20 饥饿:15/20 位置:平原 时间:白天]
          ├─ thought: 我需要完成支线任务和最终目标。我已经完成了钻石剑、钻石胸甲和床。还需要完成书架、盾牌和面包，然后合成附魔台。现在我需要继续收集甘蔗来制作更多的纸和书。...
  Step 104: [✓] 采集 甘蔗 | 动作成功：获得 甘蔗×1
[HP:20/20 饥饿:14/20 位置:平原 时间:白天] ⚠ 1信号
          ├─ thought: 我需要完成支线任务和最终目标。目前已完成钻石剑、钻石胸甲和床。还需要完成书架、盾牌和面包，然后合成附魔台。现在我需要继续采集甘蔗来制作纸和书。...
          └─ [HIGH] action_loop: 最近8步中'采集 甘蔗'出现5次
  Step 105: [✓] 合成 纸 | 动作成功：合成了纸×3
[HP:20/20 饥饿:14/20 位置:平原 时间:白天]
          ├─ thought: 我需要完成支线任务和最终目标。已完成钻石剑、钻石胸甲和床。还需要完成书架、盾牌、面包和附魔台。我已有2本书，需要再制作1本书来合成书架。同时需要制作盾牌和面包。...
  Step 106: [✓] 打猎 | 动作成功：获得 生肉×1, 羊毛×2
[HP:20/20 饥饿:14/20 位置:平原 时间:白天]
          ├─ thought: 我需要继续完成支线任务。已经完成了钻石剑、钻石胸甲和床。还需要完成书架、盾牌和面包，然后合成附魔台。
现在我有2本书，需要再做1本书来合成书架。我已经有纸，但需要皮革。...
  Step 107: [✓] 合成 书 | 动作成功：合成了书×1
[HP:20/20 饥饿:14/20 位置:平原 时间:白天]
          ├─ thought: 我需要完成支线任务，目前还缺少书架、盾牌，以及最终目标附魔台。首先需要再制作一本书，然后合成书架。...
  Step 108: [✓] 合成 书架 | 动作成功：合成了书架×1
[HP:20/20 饥饿:13/20 位置:平原 时间:白天]
          ├─ thought: 我需要完成支线任务和最终目标。已经完成了钻石剑、钻石胸甲、床、书。还需要完成书架、盾牌、面包和附魔台。现在先完成书架，我已有3本书和足够的木板。...
  Step 109: [✗] 合成 盾牌 | 动作失败：材料不足，无法合成盾牌。(缺1个铁锭)
[HP:20/20 饥饿:13/20 位置:平原 时间:白天]
          ├─ thought: 我需要完成支线任务，还差盾牌，然后合成附魔台。盾牌需要木板和铁锭，我有足够的木板，但需要铁锭。附魔台需要黑曜石和书，我已经有黑曜石和书架，但还需要一本书。...
  Step 110: [✓] 移动 矿洞 | 动作成功：从平原移动到矿洞。深邃的矿洞，可以挖掘各种矿石
[HP:20/20 饥饿:13/20 位置:矿洞 时间:白天]
          ├─ thought: 我需要完成支线任务，目前还缺少盾牌。需要1个铁锭来合成盾牌，所以需要回到矿洞挖铁矿石并熔炼。...
  Step 111: [✓] 挖矿 铁矿石 | 动作成功：使用石镐挖出铁矿石×1。
[HP:20/20 饥饿:13/20 位置:矿洞 时间:白天]
          ├─ thought: 我需要完成附魔台的合成，还需要铁锭来制作盾牌。我已经有了黑曜石×4和书×1，但还需要2个钻石和1个铁锭来完成附魔台和盾牌。先挖铁矿石。...
  Step 112: [✓] 熔炼 铁矿石 | 动作成功：将铁矿石熔炼为铁锭×1
[HP:20/20 饥饿:12/20 位置:矿洞 时间:白天]
          ├─ thought: 我需要完成附魔台和其他支线任务。现在我已经有了钻石剑、钻石胸甲、床、书架，还需要盾牌、面包和附魔台。首先需要熔炼铁矿石来制作盾牌。...
  Step 113: [✓] 移动 森林 | 动作成功：从矿洞移动到森林。茂密的森林，可以砍树、打猎和采集苹果
[HP:20/20 饥饿:12/20 位置:森林 时间:白天]
          ├─ thought: 我需要完成附魔台的合成，以及支线任务中的盾牌。目前我已经有钻石剑、钻石胸甲、床、书架和黑曜石，缺少的是盾牌和附魔台。我有铁锭×1，需要再合成盾牌。先移动到森林获取更多木板。...
  Step 114: [✓] 合成 盾牌 | 动作成功：合成了盾牌×1
夜晚降临，你在安全的庇护中度过。
[HP:20/20 饥饿:12/20 位置:森林 时间:夜晚]
          ├─ thought: 我需要完成剩余的支线任务：盾牌和附魔台。盾牌需要6个木板和1个铁锭，我已有木板和铁锭。附魔台需要2个钻石、4个黑曜石和1本书，我已有黑曜石和书。先合成盾牌。...
  Step 115: [✓] 移动 平原 | 动作成功：从森林移动到平原。开阔的平原，可以放牧、收割小麦和甘蔗
夜晚降临，你在安全的庇护中度过。
[HP:20/20 饥饿:12/20 位置:平原 时间:夜晚
          ├─ thought: 我需要完成附魔台的合成，已经有了黑曜石×4和书×1，还需要2个钻石。另外还需要完成面包的合成，已经有小麦×1，需要再收集2个小麦。先合成面包完成支线任务。...
  Step 116: [✓] 移动 矿洞 | 动作成功：从平原移动到矿洞。深邃的矿洞，可以挖掘各种矿石
夜晚降临，你在安全的庇护中度过。
[HP:20/20 饥饿:11/20 位置:矿洞 时间:夜晚]
          ├─ thought: 我需要完成附魔台的合成。我已经有了黑曜石×4和书×1，这些都是附魔台所需的材料。还需要2个钻石来完成附魔台的合成。我应该回到矿洞挖钻石。...
  Step 117: [✓] 挖矿 钻石 | 动作成功：使用铁镐挖出钻石×1。
夜晚降临，你在安全的庇护中度过。
[HP:20/20 饥饿:11/20 位置:矿洞 时间:夜晚]
          ├─ thought: 我们需要完成附魔台的合成，已经有了黑曜石×4和书×1，但还需要钻石×2。让我们先挖更多钻石。...
  Step 118: [✓] 挖矿 钻石 | 动作成功：使用铁镐挖出钻石×1。
夜晚降临，你在安全的庇护中度过。
[HP:20/20 饥饿:11/20 位置:矿洞 时间:夜晚]
          ├─ thought: 我需要完成附魔台的合成，还缺一本书。已经有黑曜石×4和钻石×1，还需要再挖一个钻石和合成一本书。...
  Step 119: [✗] 合成 附魔台 | 动作失败：材料不足，无法合成附魔台。(缺1个书)
夜晚降临，你在安全的庇护中度过。
[HP:20/20 饥饿:11/20 位置:矿洞 时间:夜晚]
          ├─ thought: 我需要完成附魔台的合成。我已经有了钻石×2和黑曜石×4，还需要1本书。我已经有了书架和盾牌，还需要合成附魔台。...
  Step 120: [✓] 移动 平原 | 动作成功：从矿洞移动到平原。开阔的平原，可以放牧、收割小麦和甘蔗
[HP:20/20 饥饿:10/20 位置:平原 时间:白天]
          ├─ thought: 我需要完成附魔台的合成，还缺一本书。制作书需要3张纸和1个皮革。我已经有皮革，但需要采集甘蔗来制作纸。...
  Step 121: [✓] 采集 甘蔗 | 动作成功：获得 甘蔗×2
[HP:20/20 饥饿:10/20 位置:平原 时间:白天]
          ├─ thought: 我需要完成附魔台的合成，还缺一本书。我需要收集甘蔗来制作纸，然后合成书。...
  Step 122: [✗] 合成 纸 | 动作失败：材料不足，无法合成纸。(缺1个甘蔗)
[HP:20/20 饥饿:10/20 位置:平原 时间:白天]
          ├─ thought: 我需要完成附魔台的制作，还缺少一本书。我有甘蔗，可以先合成纸，然后合成书。...
  Step 123: [✓] 采集 甘蔗 | 动作成功：获得 甘蔗×2
[HP:20/20 饥饿:10/20 位置:平原 时间:白天]
          ├─ thought: 我需要完成附魔台的合成。目前已有黑曜石×4和钻石×2，但还缺少1个书。需要3个纸和1个皮革来合成书，已有2个甘蔗，需要再采集1个甘蔗来制作纸。...
  Step 124: [✓] 合成 纸 | 动作成功：合成了纸×3
[HP:20/20 饥饿:9/20 位置:平原 时间:白天]
          ├─ thought: 我需要完成附魔台的合成。目前已有黑曜石×4和钻石×2，还需要一本书。我有甘蔗×4，可以合成纸，再用纸和皮革合成书。...
  Step 125: [✓] 打猎 | 动作成功：获得 生肉×1, 羊毛×1
[HP:20/20 饥饿:9/20 位置:平原 时间:白天]
          ├─ thought: 我需要完成附魔台的合成，还缺一本书。我有纸和甘蔗，但还需要皮革。我应该打猎获取皮革。...
  Step 126: [✓] 打猎 | 动作成功：获得 生肉×1, 羊毛×2
[HP:20/20 饥饿:9/20 位置:平原 时间:白天]
          ├─ thought: 我需要完成附魔台的合成。目前已经有黑曜石×4和钻石×2，但还缺少一本书。需要合成一本书，需要3张纸和1个皮革。我已经有3张纸，但需要皮革。...
  Step 127: [✓] 打猎 | 动作成功：获得 生肉×1, 羊毛×1
[HP:20/20 饥饿:9/20 位置:平原 时间:白天]
          ├─ thought: 我需要完成附魔台的合成，还缺一本书。需要3张纸和1个皮革来合成书。我已经有3张纸，但需要皮革。...
  Step 128: [✗] 合成 书 | 动作失败：材料不足，无法合成书。(缺1个皮革)
[HP:20/20 饥饿:8/20 位置:平原 时间:白天]
          ├─ thought: 我需要完成附魔台的合成，还缺一本书。我有纸和皮革，可以合成一本书。...
  Step 129: [✓] 移动 森林 | 动作成功：从平原移动到森林。茂密的森林，可以砍树、打猎和采集苹果
[HP:20/20 饥饿:8/20 位置:森林 时间:白天]
          ├─ thought: 我需要完成附魔台的合成，还缺少一本书。需要皮革来制作书，我已经有了纸，只需要再获取一个皮革。...
  Step 130: [✓] 打猎 | 动作成功：获得 生肉×2, 皮革×1
[HP:20/20 饥饿:8/20 位置:森林 时间:白天] ⚠ 1信号
          ├─ thought: 我需要完成附魔台的合成，还缺一本书。我有纸和需要皮革来合成书。先在森林打猎获取皮革。...
          └─ [HIGH] action_loop: 最近8步中'打猎'出现5次
  Step 131: [✓] 合成 书 | 动作成功：合成了书×1
[HP:20/20 饥饿:8/20 位置:森林 时间:白天]
          ├─ thought: 我需要完成附魔台的合成，还缺一本书。我有纸张和皮革，可以合成书。...
  Step 132: [✓] 移动 矿洞 | 动作成功：从森林移动到矿洞。深邃的矿洞，可以挖掘各种矿石
[HP:20/20 饥饿:7/20 位置:矿洞 时间:白天]
          ├─ thought: 我需要合成附魔台，已经有了黑曜石×4和钻石×2，还需要一本书。我已经有了一本书，所以可以直接合成附魔台了。我需要移动到矿洞，因为我的工作台在那里。...
  Step 133: [✓] 合成 附魔台 | 动作成功：合成了附魔台×1
[HP:20/20 饥饿:7/20 位置:矿洞 时间:白天]
          ├─ thought: 我需要合成附魔台。我已经有了黑曜石×4、钻石×2和书×1，这正好是合成附魔台所需的材料。现在可以直接合成附魔台了。...

  ✅ 任务完成！总步数: 133，耗时: 496.2s

检测摘要: {
  "total": 40,
  "by_type": {
    "action_loop": 27,
    "tool_ignorance": 5,
    "survival_neglect": 5,
    "spatial_confusion": 1,
    "goal_drift": 2
  },
  "by_severity": {
    "high": 33,
    "medium": 7
  },
  "first_signal_step": 14
}
