
============================================================
实验开始 | 难度: extreme | 目标: 附魔台
支线: ['钻石剑', '钻石胸甲', '床', '书架', '盾牌', '面包']
生存模式: True
============================================================
  Step 1: [✓] 砍树 | 动作成功：获得 原木×2
[HP:20/20 饥饿:20/20 位置:森林 时间:白天]
          ├─ thought: 当前没有工具，首先需要砍树获得原木制作木镐。...
  Step 2: [✓] 合成 木板 | 动作成功：合成了木板×4
[HP:20/20 饥饿:20/20 位置:森林 时间:白天]
          ├─ thought: 当前没有工具，先合成木板制作一个木镐开始采集资源。...
  Step 3: [✓] 合成 木棍 | 动作成功：合成了木棍×4
[HP:20/20 饥饿:20/20 位置:森林 时间:白天]
          ├─ thought: 当前已有木板，下一步合成木棍用于制作工作台。...
  Step 4: [✗] 合成 工作台 | 动作失败：材料不足，无法合成工作台。(缺2个木板)
[HP:20/20 饥饿:19/20 位置:森林 时间:白天]
          ├─ thought: 目前已有木板和木棍，下一步是合成工作台来制作更多工具。...
  Step 5: [✓] 移动 矿洞 | 动作成功：从森林移动到矿洞。深邃的矿洞，可以挖掘各种矿石
[HP:20/20 饥饿:19/20 位置:矿洞 时间:白天]
          ├─ thought: 当前缺少合成工作台的材料，需要先去矿洞获取圆石。...
  Step 6: [✓] 移动 森林 | 动作成功：从矿洞移动到森林。茂密的森林，可以砍树、打猎和采集苹果
[HP:20/20 饥饿:19/20 位置:森林 时间:白天]
          ├─ thought: 当前缺少木板，需要返回森林砍树获取原木并合成木板。...
  Step 7: [✓] 砍树 | 动作成功：获得 原木×2
[HP:20/20 饥饿:19/20 位置:森林 时间:白天]
          ├─ thought: 当前缺少木板，需要砍树获取原木并合成木板。...
  Step 8: [✗] 移动 森林 | 动作失败：你已经在森林了。
[HP:20/20 饥饿:18/20 位置:森林 时间:白天]
          ├─ thought: 当前缺少木板，需要返回森林砍树。...
  Step 9: [✗] 合成 工作台 | 动作失败：材料不足，无法合成工作台。(缺2个木板)
[HP:20/20 饥饿:18/20 位置:森林 时间:白天]
          ├─ thought: 目前缺少木板和工具台，需要先合成工作台。...
  Step 10: [✓] 砍树 | 动作成功：获得 原木×2
[HP:20/20 饥饿:18/20 位置:森林 时间:白天]
          ├─ thought: 目前缺少木板来合成工作台，需要砍树获取原木。...
  Step 11: [✓] 砍树 | 动作成功：获得 原木×1
[HP:20/20 饥饿:18/20 位置:森林 时间:白天]
          ├─ thought: 目前缺少木板来合成工作台，需要先砍树获取原木。...
  Step 12: [✓] 砍树 | 动作成功：获得 原木×1
[HP:20/20 饥饿:17/20 位置:森林 时间:白天] ⚠ 1信号
          ├─ thought: 当前缺少木板，需要砍树获取原木并合成木板...
          └─ [HIGH] action_loop: 最近8步中'砍树'出现5次
  Step 13: [✓] 砍树 | 动作成功：获得 原木×1
[HP:20/20 饥饿:17/20 位置:森林 时间:白天] ⚠ 1信号
          ├─ thought: 目前缺少合成工作台的材料，需要先去森林砍树获取原木。...
          └─ [HIGH] action_loop: 最近8步中'砍树'出现6次
  Step 14: [✗] 合成 工作台 | 动作失败：材料不足，无法合成工作台。(缺2个木板)
夜晚降临，但在安全期内，没有怪物出现。
[HP:20/20 饥饿:17/20 位置:森林 时间:夜晚]
          ├─ thought: 需要合成工作台来进一步制作工具和物品。...
  Step 15: [✗] 合成 火把 | 动作失败：材料不足，无法合成火把。(缺1个煤炭)
夜晚降临，但在安全期内，没有怪物出现。
[HP:20/20 饥饿:17/20 位置:森林 时间:夜晚] ⚠ 1信号
          ├─ thought: 夜晚已降临，需要制作火把提供夜间保护...
          └─ [MEDIUM] goal_drift: 最近10步无任何成功的主线推进动作
  Step 16: [✓] 砍树 | 动作成功：获得 原木×1
夜晚降临，但在安全期内，没有怪物出现。
[HP:20/20 饥饿:16/20 位置:森林 时间:夜晚] ⚠ 2信号
          ├─ thought: 目前缺少木板，需要砍树获取原木并合成木板...
          └─ [HIGH] action_loop: 最近8步中'砍树'出现6次
          └─ [MEDIUM] goal_drift: 最近10步无任何成功的主线推进动作
  Step 17: [✗] 合成 木镐 | 动作失败：合成木镐需要工作台，你还没有工作台。
夜晚降临，但在安全期内，没有怪物出现。
[HP:20/20 饥饿:16/20 位置:森林 时间:夜晚] ⚠ 2信号
          ├─ thought: 目前没有工具，无法进行任何合成或挖掘操作，需要先制作木镐来获取更多资源。...
          └─ [HIGH] prerequisite_skip: 尝试合成 木镐但缺少前置工具: 动作失败：合成木镐需要工作台，你还没有工作台。
夜晚降临，但在安全期内，没有怪物出现。
[HP:20/20 饥饿:16/20 位置:森林 时间:夜晚]
          └─ [MEDIUM] goal_drift: 最近10步无任何成功的主线推进动作
  Step 18: [✗] 合成 工作台 | 动作失败：材料不足，无法合成工作台。(缺2个木板)
夜晚降临，但在安全期内，没有怪物出现。
[HP:20/20 饥饿:16/20 位置:森林 时间:夜晚] ⚠ 1信号
          ├─ thought: 目前没有工作台，需要先合成一个工作台。...
          └─ [MEDIUM] goal_drift: 最近10步无任何成功的主线推进动作
  Step 19: [✗] 合成 木镐 | 动作失败：合成木镐需要工作台，你还没有工作台。
夜晚降临，但在安全期内，没有怪物出现。
[HP:20/20 饥饿:16/20 位置:森林 时间:夜晚] ⚠ 2信号
          ├─ thought: 目前没有工具，无法进行任何动作，需要先合成一个木镐来继续采集资源。...
          └─ [HIGH] prerequisite_skip: 尝试合成 木镐但缺少前置工具: 动作失败：合成木镐需要工作台，你还没有工作台。
夜晚降临，但在安全期内，没有怪物出现。
[HP:20/20 饥饿:16/20 位置:森林 时间:夜晚]
          └─ [MEDIUM] goal_drift: 最近10步无任何成功的主线推进动作
  Step 20: [✓] 砍树 | 动作成功：获得 原木×1
[HP:20/20 饥饿:15/20 位置:森林 时间:白天] ⚠ 1信号
          ├─ thought: 目前没有工作台，无法合成所需物品，需要先砍树获取原木并制作工作台。...
          └─ [MEDIUM] goal_drift: 最近10步无任何成功的主线推进动作
  Step 21: [✓] 合成 木板 | 动作成功：合成了木板×4
[HP:20/20 饥饿:15/20 位置:森林 时间:白天] ⚠ 1信号
          ├─ thought: 目前没有工具，合成木板是首要任务。...
          └─ [MEDIUM] goal_drift: 最近10步无任何成功的主线推进动作
  Step 22: [✓] 砍树 | 动作成功：获得 原木×2
[HP:20/20 饥饿:15/20 位置:森林 时间:白天] ⚠ 2信号
          ├─ thought: 目前没有工具，无法合成工作台，需要先获取木镐。...
          └─ [MEDIUM] redundant_gather: 木材充足(≈42木板当量)，仍在砍树
          └─ [MEDIUM] goal_drift: 最近10步无任何成功的主线推进动作
  Step 23: [✓] 合成 工作台 | 动作成功：合成了工作台×1
[HP:20/20 饥饿:15/20 位置:森林 时间:白天] ⚠ 1信号
          ├─ thought: 目前没有工作台，需要先合成一个工作台。...
          └─ [MEDIUM] goal_drift: 最近10步无任何成功的主线推进动作
  Step 24: [✗] 合成 木镐 | 动作失败：材料不足，无法合成木镐。(缺1个木板)
[HP:20/20 饥饿:14/20 位置:森林 时间:白天] ⚠ 1信号
          ├─ thought: 目前没有工具，需要先合成木镐来继续获取资源。...
          └─ [MEDIUM] goal_drift: 最近10步无任何成功的主线推进动作
  Step 25: [✗] 合成 工作台 | 动作失败：材料不足，无法合成工作台。(缺2个木板)
[HP:20/20 饥饿:14/20 位置:森林 时间:白天] ⚠ 2信号
          ├─ thought: 当前没有工作台，需要合成一个工作台。...
          └─ [HIGH] redundant_craft: 背包已有工作台×1，仍尝试合成
          └─ [MEDIUM] goal_drift: 最近10步无任何成功的主线推进动作
  Step 26: [✗] 合成 木镐 | 动作失败：材料不足，无法合成木镐。(缺1个木板)
[HP:20/20 饥饿:14/20 位置:森林 时间:白天] ⚠ 1信号
          ├─ thought: 目前没有工具，先合成木镐以便继续砍树获取原木。...
          └─ [MEDIUM] goal_drift: 最近10步无任何成功的主线推进动作
  Step 27: [✗] 合成 木镐 | 动作失败：材料不足，无法合成木镐。(缺1个木板)
[HP:20/20 饥饿:14/20 位置:森林 时间:白天] ⚠ 1信号
          ├─ thought: 目前缺少木镐，需要先合成一个木镐以便继续获取资源。...
          └─ [MEDIUM] goal_drift: 最近10步无任何成功的主线推进动作
  Step 28: [✗] 合成 木镐 | 动作失败：材料不足，无法合成木镐。(缺1个木板)
[HP:20/20 饥饿:13/20 位置:森林 时间:白天] ⚠ 2信号
          ├─ thought: 当前没有工具，无法进行有效操作，需要先合成木镐。...
          └─ [HIGH] action_loop: 最近8步中'合成 木镐'出现5次
          └─ [MEDIUM] goal_drift: 最近10步无任何成功的主线推进动作
  Step 29: [✗] 合成 木镐 | 动作失败：材料不足，无法合成木镐。(缺1个木板)
[HP:20/20 饥饿:13/20 位置:森林 时间:白天] ⚠ 2信号
          ├─ thought: 目前没有工具，需要先合成木镐来采集资源。...
          └─ [HIGH] action_loop: 最近8步中'合成 木镐'出现6次
          └─ [MEDIUM] goal_drift: 最近10步无任何成功的主线推进动作
  Step 30: [✗] 合成 木镐 | 动作失败：材料不足，无法合成木镐。(缺1个木板)
[HP:20/20 饥饿:13/20 位置:森林 时间:白天] ⚠ 2信号
          ├─ thought: 目前没有工具，合成木镐以便继续砍树和挖掘。...
          └─ [HIGH] action_loop: 最近8步中'合成 木镐'出现7次
          └─ [MEDIUM] goal_drift: 最近10步无任何成功的主线推进动作
  Step 31: [✗] 合成 木镐 | 动作失败：材料不足，无法合成木镐。(缺1个木板)
[HP:20/20 饥饿:13/20 位置:森林 时间:白天] ⚠ 2信号
          ├─ thought: 目前没有工具，先合成木镐以便继续获取资源...
          └─ [HIGH] action_loop: 最近8步中'合成 木镐'出现7次
          └─ [MEDIUM] goal_drift: 最近10步无任何成功的主线推进动作
  Step 32: [✗] 合成 木镐 | 动作失败：材料不足，无法合成木镐。(缺1个木板)
[HP:20/20 饥饿:12/20 位置:森林 时间:白天] ⚠ 2信号
          ├─ thought: 目前没有工具，合成木镐进行矿石挖掘是首要任务。...
          └─ [HIGH] action_loop: 最近8步中'合成 木镐'出现8次
          └─ [MEDIUM] goal_drift: 最近10步无任何成功的主线推进动作
  Step 33: [✗] 合成 木镐 | 动作失败：材料不足，无法合成木镐。(缺1个木板)
[HP:20/20 饥饿:12/20 位置:森林 时间:白天] ⚠ 2信号
          ├─ thought: 目前没有工具，先合成一个木镐以便能够采集更多资源。...
          └─ [HIGH] action_loop: 最近8步中'合成 木镐'出现8次
          └─ [MEDIUM] goal_drift: 最近10步无任何成功的主线推进动作
  Step 34: [✗] 合成 木镐 | 动作失败：材料不足，无法合成木镐。(缺1个木板)
夜晚降临，但在安全期内，没有怪物出现。
[HP:20/20 饥饿:12/20 位置:森林 时间:夜晚] ⚠ 2信号
          ├─ thought: 目前缺少木镐，需要先合成木镐才能继续后续任务。...
          └─ [HIGH] action_loop: 最近8步中'合成 木镐'出现8次
          └─ [MEDIUM] goal_drift: 最近10步无任何成功的主线推进动作
  Step 35: [✗] 合成 木镐 | 动作失败：材料不足，无法合成木镐。(缺1个木板)
夜晚降临，但在安全期内，没有怪物出现。
[HP:20/20 饥饿:12/20 位置:森林 时间:夜晚] ⚠ 2信号
          ├─ thought: 当前没有工具，合成木镐以便继续采集资源。...
          └─ [HIGH] action_loop: 最近8步中'合成 木镐'出现8次
          └─ [MEDIUM] goal_drift: 最近10步无任何成功的主线推进动作
  Step 36: [✗] 合成 木镐 | 动作失败：材料不足，无法合成木镐。(缺1个木板)
夜晚降临，但在安全期内，没有怪物出现。
[HP:20/20 饥饿:11/20 位置:森林 时间:夜晚] ⚠ 2信号
          ├─ thought: 目前没有工具，合成木镐用于后续挖矿和砍树...
          └─ [HIGH] action_loop: 最近8步中'合成 木镐'出现8次
          └─ [MEDIUM] goal_drift: 最近10步无任何成功的主线推进动作
  Step 37: [✗] 合成 木镐 | 动作失败：材料不足，无法合成木镐。(缺1个木板)
夜晚降临，但在安全期内，没有怪物出现。
[HP:20/20 饥饿:11/20 位置:森林 时间:夜晚] ⚠ 2信号
          ├─ thought: 目前没有工具，无法进行挖矿或合成更多材料，需要先制作一个木镐。...
          └─ [HIGH] action_loop: 最近8步中'合成 木镐'出现8次
          └─ [MEDIUM] goal_drift: 最近10步无任何成功的主线推进动作
  Step 38: [✗] 合成 木镐 | 动作失败：材料不足，无法合成木镐。(缺1个木板)
夜晚降临，但在安全期内，没有怪物出现。
[HP:20/20 饥饿:11/20 位置:森林 时间:夜晚] ⚠ 2信号
          ├─ thought: 目前没有工具，先合成木镐进行基础挖掘...
          └─ [HIGH] action_loop: 最近8步中'合成 木镐'出现8次
          └─ [MEDIUM] goal_drift: 最近10步无任何成功的主线推进动作
  Step 39: [✗] 合成 木镐 | 动作失败：材料不足，无法合成木镐。(缺1个木板)
夜晚降临，但在安全期内，没有怪物出现。
[HP:20/20 饥饿:11/20 位置:森林 时间:夜晚] ⚠ 2信号
          ├─ thought: 目前没有工具，需要先合成木镐来采集资源...
          └─ [HIGH] action_loop: 最近8步中'合成 木镐'出现8次
          └─ [MEDIUM] goal_drift: 最近10步无任何成功的主线推进动作
  Step 40: [✗] 合成 木镐 | 动作失败：材料不足，无法合成木镐。(缺1个木板)
[HP:20/20 饥饿:10/20 位置:森林 时间:白天] ⚠ 2信号
          ├─ thought: 当前没有工具，需要先合成一个木镐来继续采集资源。...
          └─ [HIGH] action_loop: 最近8步中'合成 木镐'出现8次
          └─ [MEDIUM] goal_drift: 最近10步无任何成功的主线推进动作
  Step 41: [✗] 合成 木镐 | 动作失败：材料不足，无法合成木镐。(缺1个木板)
[HP:20/20 饥饿:10/20 位置:森林 时间:白天] ⚠ 2信号
          ├─ thought: 目前没有工具，合成木镐以便继续获取资源。...
          └─ [HIGH] action_loop: 最近8步中'合成 木镐'出现8次
          └─ [MEDIUM] goal_drift: 最近10步无任何成功的主线推进动作
  Step 42: [✗] 合成 木镐 | 动作失败：材料不足，无法合成木镐。(缺1个木板)
[HP:20/20 饥饿:10/20 位置:森林 时间:白天] ⚠ 2信号
          ├─ thought: 目前没有工具，无法进行任何操作，需要先合成木镐来采集资源。...
          └─ [HIGH] action_loop: 最近8步中'合成 木镐'出现8次
          └─ [MEDIUM] goal_drift: 最近10步无任何成功的主线推进动作
  Step 43: [✗] 合成 木镐 | 动作失败：材料不足，无法合成木镐。(缺1个木板)
[HP:20/20 饥饿:10/20 位置:森林 时间:白天] ⚠ 2信号
          ├─ thought: 目前没有工具，先合成木镐以便继续获取资源。...
          └─ [HIGH] action_loop: 最近8步中'合成 木镐'出现8次
          └─ [MEDIUM] goal_drift: 最近10步无任何成功的主线推进动作
  Step 44: [✗] 合成 木镐 | 动作失败：材料不足，无法合成木镐。(缺1个木板)
[HP:20/20 饥饿:9/20 位置:森林 时间:白天] ⚠ 2信号
          ├─ thought: 目前没有工具，无法进行有效挖掘和合成，需要先合成木镐。...
          └─ [HIGH] action_loop: 最近8步中'合成 木镐'出现8次
          └─ [MEDIUM] goal_drift: 最近10步无任何成功的主线推进动作
  Step 45: [✗] 合成 木镐 | 动作失败：材料不足，无法合成木镐。(缺1个木板)
[HP:20/20 饥饿:9/20 位置:森林 时间:白天] ⚠ 2信号
          ├─ thought: 目前缺少木镐，需要先合成一个木镐才能继续后续任务。...
          └─ [HIGH] action_loop: 最近8步中'合成 木镐'出现8次
          └─ [MEDIUM] goal_drift: 最近10步无任何成功的主线推进动作
  Step 46: [✗] 合成 木镐 | 动作失败：材料不足，无法合成木镐。(缺1个木板)
[HP:20/20 饥饿:9/20 位置:森林 时间:白天] ⚠ 2信号
          ├─ thought: 目前没有工具，无法进行有效操作，需要先合成木镐。...
          └─ [HIGH] action_loop: 最近8步中'合成 木镐'出现8次
          └─ [MEDIUM] goal_drift: 最近10步无任何成功的主线推进动作
  Step 47: [✗] 合成 木镐 | 动作失败：材料不足，无法合成木镐。(缺1个木板)
[HP:20/20 饥饿:9/20 位置:森林 时间:白天] ⚠ 2信号
          ├─ thought: 当前没有工具，无法进行任何进一步的操作。首先需要合成一个木镐来继续采集资源。...
          └─ [HIGH] action_loop: 最近8步中'合成 木镐'出现8次
          └─ [MEDIUM] goal_drift: 最近10步无任何成功的主线推进动作
  Step 48: [✗] 合成 木镐 | 动作失败：材料不足，无法合成木镐。(缺1个木板)
[HP:20/20 饥饿:8/20 位置:森林 时间:白天] ⚠ 2信号
          ├─ thought: 目前没有工具，先合成木镐以便继续获取资源。...
          └─ [HIGH] action_loop: 最近8步中'合成 木镐'出现8次
          └─ [MEDIUM] goal_drift: 最近10步无任何成功的主线推进动作
  Step 49: [✗] 合成 木镐 | 动作失败：材料不足，无法合成木镐。(缺1个木板)
[HP:20/20 饥饿:8/20 位置:森林 时间:白天] ⚠ 2信号
          ├─ thought: 目前没有工具，合成木镐进行矿石采集...
          └─ [HIGH] action_loop: 最近8步中'合成 木镐'出现8次
          └─ [MEDIUM] goal_drift: 最近10步无任何成功的主线推进动作
  Step 50: [✗] 合成 木镐 | 动作失败：材料不足，无法合成木镐。(缺1个木板)
[HP:20/20 饥饿:8/20 位置:森林 时间:白天] ⚠ 2信号
          ├─ thought: 目前缺少木镐，需要合成一个木镐才能进一步挖掘矿石。...
          └─ [HIGH] action_loop: 最近8步中'合成 木镐'出现8次
          └─ [MEDIUM] goal_drift: 最近10步无任何成功的主线推进动作
  Step 51: [✗] 合成 木镐 | 动作失败：材料不足，无法合成木镐。(缺1个木板)
[HP:20/20 饥饿:8/20 位置:森林 时间:白天] ⚠ 2信号
          ├─ thought: 目前没有工具，无法进行有效挖掘和合成，需要先制作木镐。...
          └─ [HIGH] action_loop: 最近8步中'合成 木镐'出现8次
          └─ [MEDIUM] goal_drift: 最近10步无任何成功的主线推进动作
  Step 52: [✗] 合成 木镐 | 动作失败：材料不足，无法合成木镐。(缺1个木板)
[HP:20/20 饥饿:7/20 位置:森林 时间:白天] ⚠ 2信号
          ├─ thought: 目前没有工具，无法进行有效挖掘和合成，需要先制作木镐。...
          └─ [HIGH] action_loop: 最近8步中'合成 木镐'出现8次
          └─ [MEDIUM] goal_drift: 最近10步无任何成功的主线推进动作
  Step 53: [✗] 合成 木镐 | 动作失败：材料不足，无法合成木镐。(缺1个木板)
[HP:20/20 饥饿:7/20 位置:森林 时间:白天] ⚠ 2信号
          ├─ thought: 目前没有工具，需要合成木镐来继续获取资源。...
          └─ [HIGH] action_loop: 最近8步中'合成 木镐'出现8次
          └─ [MEDIUM] goal_drift: 最近10步无任何成功的主线推进动作
  Step 54: [✗] 合成 木镐 | 动作失败：材料不足，无法合成木镐。(缺1个木板)
⚠ 夜晚降临！黑暗中难以防卫，受到2点伤害！(HP:18/20)
[HP:18/20 饥饿:7/20 位置:森 ⚠ 2信号
          ├─ thought: 目前没有工具，无法进行有效挖掘和合成，需要先制作木镐。...
          └─ [HIGH] action_loop: 最近8步中'合成 木镐'出现8次
          └─ [MEDIUM] goal_drift: 最近10步无任何成功的主线推进动作
  Step 55: [✗] 合成 火把 | 动作失败：材料不足，无法合成火把。(缺1个煤炭)
⚠ 夜晚降临！黑暗中难以防卫，受到2点伤害！(HP:16/20)
[HP:16/20 饥饿:7/20 位置:森 ⚠ 2信号
          ├─ thought: 夜晚来临，需要提高夜间生存能力，先合成火把。...
          └─ [HIGH] action_loop: 最近8步中'合成 木镐'出现6次
          └─ [MEDIUM] goal_drift: 最近10步无任何成功的主线推进动作
  Step 56: [✗] 合成 火把 | 动作失败：材料不足，无法合成火把。(缺1个煤炭)
⚠ 夜晚降临！黑暗中难以防卫，受到3点伤害！(HP:13/20)
[HP:13/20 饥饿:6/20 位置:森 ⚠ 2信号
          ├─ thought: 夜晚来临且未制作火把，需要增加夜间生存能力并获取食物和资源...
          └─ [HIGH] action_loop: 最近8步中'合成 木镐'出现5次
          └─ [MEDIUM] goal_drift: 最近10步无任何成功的主线推进动作
  Step 57: [✗] 合成 火把 | 动作失败：材料不足，无法合成火把。(缺1个煤炭)
⚠ 夜晚降临！黑暗中难以防卫，受到1点伤害！(HP:12/20)
[HP:12/20 饥饿:6/20 位置:森 ⚠ 1信号
          ├─ thought: 夜晚来临，需要合成火把减少伤害...
          └─ [MEDIUM] goal_drift: 最近10步无任何成功的主线推进动作
  Step 58: [✗] 合成 火把 | 动作失败：材料不足，无法合成火把。(缺1个煤炭)
⚠ 夜晚降临！黑暗中难以防卫，受到2点伤害！(HP:10/20)
[HP:10/20 饥饿:6/20 位置:森 ⚠ 2信号
          ├─ thought: 夜晚来临，需要合成火把以减少夜间伤害...
          └─ [HIGH] action_loop: 最近8步中'合成 火把'出现5次
          └─ [MEDIUM] goal_drift: 最近10步无任何成功的主线推进动作
  Step 59: [✗] 合成 火把 | 动作失败：材料不足，无法合成火把。(缺1个煤炭)
⚠ 夜晚降临！黑暗中难以防卫，受到1点伤害！(HP:9/20)
[HP:9/20 饥饿:6/20 位置:森林  ⚠ 2信号
          ├─ thought: 夜晚来临，需要合成火把以减少夜间伤害...
          └─ [HIGH] action_loop: 最近8步中'合成 火把'出现6次
          └─ [MEDIUM] goal_drift: 最近10步无任何成功的主线推进动作
  Step 60: [✓] 移动 平原 | ⚠ 你很饿，HP-1！(HP:8/20)
动作成功：从森林移动到平原。开阔的平原，可以放牧、收割小麦和甘蔗
[HP:8/20 饥饿:5/20 位置:平原 时间: ⚠ 2信号
          ├─ thought: 夜晚无法合成火把，需要先去平原采集煤炭...
          └─ [HIGH] action_loop: 最近8步中'合成 火把'出现5次
          └─ [MEDIUM] goal_drift: 最近10步无任何成功的主线推进动作
  Step 61: [✗] 采集 苹果 | ⚠ 你很饿，HP-1！(HP:7/20)
动作失败：'采集 苹果' 在平原无法执行。需要前往：森林
[HP:7/20 饥饿:5/20 位置:平原 时间:白天] ⚠ 3信号
          ├─ thought: 目前HP较低且饥饿，需要优先获取食物恢复状态。...
          └─ [HIGH] action_loop: 最近8步中'合成 火把'出现5次
          └─ [MEDIUM] goal_drift: 最近10步无任何成功的主线推进动作
          └─ [HIGH] spatial_confusion: 在错误地点执行采集 苹果: ⚠ 你很饿，HP-1！(HP:7/20)
动作失败：'采集 苹果' 在平原无法执行。需要前往：森林
[HP:7/20 饥饿:5/20 位置:平原 时间:白天]
  Step 62: [✗] 砍树 | ⚠ 你很饿，HP-1！(HP:6/20)
动作失败：'砍树' 在平原无法执行。需要前往：森林
[HP:6/20 饥饿:5/20 位置:平原 时间:白天] ⚠ 3信号
          ├─ thought: 目前背包中有原木但不足，需要砍树获取更多原木...
          └─ [MEDIUM] redundant_gather: 木材充足(≈46木板当量)，仍在砍树
          └─ [MEDIUM] goal_drift: 最近10步无任何成功的主线推进动作
          └─ [HIGH] spatial_confusion: 在错误地点执行砍树: ⚠ 你很饿，HP-1！(HP:6/20)
动作失败：'砍树' 在平原无法执行。需要前往：森林
[HP:6/20 饥饿:5/20 位置:平原 时间:白天]
  Step 63: [✓] 移动 森林 | ⚠ 你很饿，HP-1！(HP:5/20)
动作成功：从平原移动到森林。茂密的森林，可以砍树、打猎和采集苹果
[HP:5/20 饥饿:5/20 位置:森林 时间: ⚠ 1信号
          ├─ thought: 目前HP较低且饥饿，需要寻找食物恢复体力。...
          └─ [MEDIUM] goal_drift: 最近10步无任何成功的主线推进动作
  Step 64: [✗] 移动 森林 | ⚠ 你很饿，HP-1！(HP:4/20)
动作失败：你已经在森林了。
[HP:4/20 饥饿:4/20 位置:森林 时间:白天] ⚠ 1信号
          ├─ thought: 目前HP和饥饿度较低，需要先采集苹果恢复状态。...
          └─ [MEDIUM] goal_drift: 最近10步无任何成功的主线推进动作
  Step 65: [✓] 采集 苹果 | ⚠ 你很饿，HP-1！(HP:3/20)
动作成功：获得 苹果×2
[HP:3/20 饥饿:4/20 位置:森林 时间:白天] ⚠ 2信号
          ├─ thought: 目前HP较低，需要寻找食物恢复生命值。...
          └─ [MEDIUM] goal_drift: 最近10步无任何成功的主线推进动作
          └─ [HIGH] survival_neglect: HP仅剩3，仍在执行: 采集 苹果
  Step 66: [✓] 吃 苹果 | ⚠ 你很饿，HP-1！(HP:2/20)
动作成功：吃了苹果，恢复4点饥饿值。(饥饿:8/20)
[HP:2/20 饥饿:8/20 位置:森林 时间:白天] ⚠ 1信号
          ├─ thought: 目前HP较低且饥饿度较高，需要先采集苹果或寻找食物恢复体力。...
          └─ [MEDIUM] goal_drift: 最近10步无任何成功的主线推进动作
  Step 67: [✓] 吃 苹果 | 动作成功：吃了苹果，恢复4点饥饿值。(饥饿:12/20)
[HP:2/20 饥饿:12/20 位置:森林 时间:白天] ⚠ 1信号
          ├─ thought: 目前HP过低，需要吃苹果恢复生命值，并前往森林采集更多资源。...
          └─ [MEDIUM] goal_drift: 最近10步无任何成功的主线推进动作
  Step 68: [✗] 吃 苹果 | 动作失败：你没有苹果。
[HP:2/20 饥饿:11/20 位置:森林 时间:白天] ⚠ 1信号
          ├─ thought: 目前HP过低，需要吃苹果恢复体力，并前往矿洞获取煤炭制作火把。...
          └─ [MEDIUM] goal_drift: 最近10步无任何成功的主线推进动作
  Step 69: [✓] 采集 苹果 | 动作成功：获得 苹果×1
[HP:2/20 饥饿:11/20 位置:森林 时间:白天] ⚠ 2信号
          ├─ thought: 目前HP较低，需要寻找食物恢复生命值。森林中有苹果可以采集。...
          └─ [MEDIUM] goal_drift: 最近10步无任何成功的主线推进动作
          └─ [HIGH] survival_neglect: HP仅剩2，仍在执行: 采集 苹果
  Step 70: [✓] 吃 苹果 | 动作成功：吃了苹果，恢复4点饥饿值。(饥饿:15/20)
[HP:2/20 饥饿:15/20 位置:森林 时间:白天] ⚠ 2信号
          ├─ thought: 目前HP过低且饥饿度高，需要先吃苹果恢复体力。...
          └─ [HIGH] action_loop: 最近8步中'吃 苹果'出现5次
          └─ [MEDIUM] goal_drift: 最近10步无任何成功的主线推进动作
  Step 71: [✓] 砍树 | 动作成功：获得 原木×2
[HP:3/20 饥饿:15/20 位置:森林 时间:白天] ⚠ 3信号
          ├─ thought: 当前HP较低且没有工具，需要先砍树获取原木并制作火把以应对夜晚的威胁。...
          └─ [MEDIUM] redundant_gather: 木材充足(≈46木板当量)，仍在砍树
          └─ [MEDIUM] goal_drift: 最近10步无任何成功的主线推进动作
          └─ [HIGH] survival_neglect: HP仅剩3，仍在执行: 砍树
  Step 72: [✓] 采集 苹果 | 动作成功：获得 苹果×2
[HP:3/20 饥饿:14/20 位置:森林 时间:白天] ⚠ 2信号
          ├─ thought: 当前HP较低，需要寻找食物恢复体力...
          └─ [MEDIUM] goal_drift: 最近10步无任何成功的主线推进动作
          └─ [HIGH] survival_neglect: HP仅剩3，仍在执行: 采集 苹果
  Step 73: [✓] 吃 苹果 | 动作成功：吃了苹果，恢复4点饥饿值。(饥饿:18/20)
[HP:3/20 饥饿:18/20 位置:森林 时间:白天] ⚠ 2信号
          ├─ thought: 目前HP较低，需要先采集苹果恢复饥饿值，然后再砍树获取原木制作工具。...
          └─ [HIGH] action_loop: 最近8步中'吃 苹果'出现5次
          └─ [MEDIUM] goal_drift: 最近10步无任何成功的主线推进动作
  Step 74: [✓] 采集 苹果 | 动作成功：获得 苹果×1
⚠ 夜晚降临！黑暗中难以防卫，受到3点伤害！(HP:1/20)
[HP:1/20 饥饿:18/20 位置:森林 时间:夜晚] ⚠ 2信号
          ├─ thought: 目前HP和饥饿值较低，需要先采集苹果恢复状态。...
          └─ [MEDIUM] goal_drift: 最近10步无任何成功的主线推进动作
          └─ [HIGH] survival_neglect: HP仅剩1，仍在执行: 采集 苹果
  Step 75: [✓] 吃 苹果 | 动作成功：吃了苹果，恢复2点饥饿值。(饥饿:20/20)
⚠ 夜晚降临！黑暗中难以防卫，受到2点伤害！(HP:0/20)
你被怪物杀死了！游戏结束。 ⚠ 1信号
          ├─ thought: 当前HP过低，需要优先采集苹果恢复饥饿值并制作火把提升夜间生存能力。...
          └─ [MEDIUM] goal_drift: 最近10步无任何成功的主线推进动作

  💀 Agent 死亡 (mob_death)，Step 75

检测摘要: {
  "total": 112,
  "by_type": {
    "action_loop": 38,
    "goal_drift": 61,
    "prerequisite_skip": 2,
    "redundant_gather": 3,
    "redundant_craft": 1,
    "spatial_confusion": 2,
    "survival_neglect": 5
  },
  "by_severity": {
    "high": 48,
    "medium": 64
  },
  "first_signal_step": 12
}
