
============================================================
实验开始 | 难度: extreme | 目标: 附魔台
支线: ['钻石剑', '钻石胸甲', '床', '书架', '盾牌', '面包']
生存模式: True
============================================================
  Step 1: [✓] 砍树 | 动作成功：获得 原木×2
[HP:20/20 饥饿:20/20 位置:森林 时间:白天]
          ├─ thought: 需要木板，先砍树获取原木...
  Step 2: [✓] 砍树 | 动作成功：获得 原木×1
[HP:20/20 饥饿:20/20 位置:森林 时间:白天]
          ├─ thought: 需要木板，先砍树获取原木...
  Step 3: [✓] 砍树 | 动作成功：获得 原木×2
[HP:20/20 饥饿:20/20 位置:森林 时间:白天]
          ├─ thought: 需要木板，先砍树获取原木...
  Step 4: [✓] 砍树 | 动作成功：获得 原木×1
[HP:20/20 饥饿:19/20 位置:森林 时间:白天]
          ├─ thought: 需要木板，先砍树获取原木...
  Step 5: [✓] 砍树 | 动作成功：获得 原木×1
[HP:20/20 饥饿:19/20 位置:森林 时间:白天]
          ├─ thought: 需要木板，先砍树获取原木...
  Step 6: [✓] 砍树 | 动作成功：获得 原木×2
[HP:20/20 饥饿:19/20 位置:森林 时间:白天]
          ├─ thought: 需要木板，先砍树获取原木...
  Step 7: [✓] 砍树 | 动作成功：获得 原木×2
[HP:20/20 饥饿:19/20 位置:森林 时间:白天] ⚠ 1信号
          ├─ thought: 需要木板，先砍树获取原木...
          └─ [HIGH] action_loop: 最近8步中'砍树'出现8次
  Step 8: [✓] 砍树 | 动作成功：获得 原木×2
[HP:20/20 饥饿:18/20 位置:森林 时间:白天] ⚠ 2信号
          ├─ thought: 需要木板，先砍树获取原木...
          └─ [MEDIUM] redundant_gather: 木材充足(≈44木板当量)，仍在砍树
          └─ [HIGH] action_loop: 最近8步中'砍树'出现8次
  Step 9: [✓] 砍树 | 动作成功：获得 原木×1
[HP:20/20 饥饿:18/20 位置:森林 时间:白天] ⚠ 2信号
          ├─ thought: 需要木板，先砍树获取原木...
          └─ [MEDIUM] redundant_gather: 木材充足(≈52木板当量)，仍在砍树
          └─ [HIGH] action_loop: 最近8步中'砍树'出现8次
  Step 10: [✓] 合成 木板 | 动作成功：合成了木板×4
[HP:20/20 饥饿:18/20 位置:森林 时间:白天] ⚠ 1信号
          ├─ thought: 需要木板，先合成木板...
          └─ [HIGH] action_loop: 最近8步中'砍树'出现6次
  Step 11: [✓] 砍树 | 动作成功：获得 原木×2
[HP:20/20 饥饿:18/20 位置:森林 时间:白天] ⚠ 2信号
          ├─ thought: 需要木板，先砍树获取原木...
          └─ [MEDIUM] redundant_gather: 木材充足(≈56木板当量)，仍在砍树
          └─ [HIGH] action_loop: 最近8步中'砍树'出现7次
  Step 12: [✓] 砍树 | 动作成功：获得 原木×1
[HP:20/20 饥饿:17/20 位置:森林 时间:白天] ⚠ 2信号
          ├─ thought: 需要木板，先砍树获取原木...
          └─ [MEDIUM] redundant_gather: 木材充足(≈64木板当量)，仍在砍树
          └─ [HIGH] action_loop: 最近8步中'砍树'出现7次
  Step 13: [✓] 合成 木板 | 动作成功：合成了木板×4
[HP:20/20 饥饿:17/20 位置:森林 时间:白天] ⚠ 1信号
          ├─ thought: 需要木镐，先合成木板...
          └─ [HIGH] action_loop: 最近8步中'砍树'出现5次
  Step 14: [✗] 合成 木镐 | 动作失败：合成木镐需要工作台，你还没有工作台。
夜晚降临，但在安全期内，没有怪物出现。
[HP:20/20 饥饿:17/20 位置:森林 时间:夜晚] ⚠ 1信号
          ├─ thought: 需要木镐来挖矿...
          └─ [HIGH] prerequisite_skip: 尝试合成 木镐但缺少前置工具: 动作失败：合成木镐需要工作台，你还没有工作台。
夜晚降临，但在安全期内，没有怪物出现。
[HP:20/20 饥饿:17/20 位置:森林 时间:夜晚]
  Step 15: [✓] 合成 木板 | 动作成功：合成了木板×4
夜晚降临，但在安全期内，没有怪物出现。
[HP:20/20 饥饿:17/20 位置:森林 时间:夜晚] ⚠ 1信号
          ├─ thought: 需要工作台，先合成木板...
          └─ [MEDIUM] goal_drift: 最近10步无任何成功的主线推进动作
  Step 16: [✗] 合成 木镐 | 动作失败：合成木镐需要工作台，你还没有工作台。
夜晚降临，但在安全期内，没有怪物出现。
[HP:20/20 饥饿:16/20 位置:森林 时间:夜晚] ⚠ 2信号
          ├─ thought: 需要木镐来挖矿...
          └─ [HIGH] prerequisite_skip: 尝试合成 木镐但缺少前置工具: 动作失败：合成木镐需要工作台，你还没有工作台。
夜晚降临，但在安全期内，没有怪物出现。
[HP:20/20 饥饿:16/20 位置:森林 时间:夜晚]
          └─ [MEDIUM] goal_drift: 最近10步无任何成功的主线推进动作
  Step 17: [✓] 合成 工作台 | 动作成功：合成了工作台×1
夜晚降临，但在安全期内，没有怪物出现。
[HP:20/20 饥饿:16/20 位置:森林 时间:夜晚] ⚠ 1信号
          ├─ thought: 需要工作台来合成木镐...
          └─ [MEDIUM] goal_drift: 最近10步无任何成功的主线推进动作
  Step 18: [✓] 合成 工作台 | 动作成功：合成了工作台×1
夜晚降临，但在安全期内，没有怪物出现。
[HP:20/20 饥饿:16/20 位置:森林 时间:夜晚] ⚠ 2信号
          ├─ thought: 需要工作台来合成木镐...
          └─ [HIGH] redundant_craft: 背包已有工作台×1，仍尝试合成
          └─ [MEDIUM] goal_drift: 最近10步无任何成功的主线推进动作
  Step 19: [✓] 合成 工作台 | 动作成功：合成了工作台×1
夜晚降临，但在安全期内，没有怪物出现。
[HP:20/20 饥饿:16/20 位置:森林 时间:夜晚] ⚠ 2信号
          ├─ thought: 需要木镐，先合成工作台...
          └─ [HIGH] redundant_craft: 背包已有工作台×2，仍尝试合成
          └─ [MEDIUM] goal_drift: 最近10步无任何成功的主线推进动作
  Step 20: [✗] 合成 工作台 | 动作失败：材料不足，无法合成工作台。(缺4个木板)
[HP:20/20 饥饿:15/20 位置:森林 时间:白天] ⚠ 3信号
          ├─ thought: 需要工作台来合成木镐...
          └─ [HIGH] redundant_craft: 背包已有工作台×3，仍尝试合成
          └─ [HIGH] action_loop: 最近8步中'合成 工作台'出现5次
          └─ [MEDIUM] goal_drift: 最近10步无任何成功的主线推进动作
  Step 21: [✓] 砍树 | 动作成功：获得 原木×1
[HP:20/20 饥饿:15/20 位置:森林 时间:白天] ⚠ 2信号
          ├─ thought: 需要木板来合成工作台...
          └─ [MEDIUM] redundant_gather: 木材充足(≈56木板当量)，仍在砍树
          └─ [MEDIUM] goal_drift: 最近10步无任何成功的主线推进动作
  Step 22: [✓] 砍树 | 动作成功：获得 原木×2
[HP:20/20 饥饿:15/20 位置:森林 时间:白天] ⚠ 2信号
          ├─ thought: 需要木板和木棍来合成工作台...
          └─ [MEDIUM] redundant_gather: 木材充足(≈60木板当量)，仍在砍树
          └─ [MEDIUM] goal_drift: 最近10步无任何成功的主线推进动作
  Step 23: [✓] 砍树 | 动作成功：获得 原木×1
[HP:20/20 饥饿:15/20 位置:森林 时间:白天] ⚠ 2信号
          ├─ thought: 需要木板，先砍树获取原木...
          └─ [MEDIUM] redundant_gather: 木材充足(≈68木板当量)，仍在砍树
          └─ [MEDIUM] goal_drift: 最近10步无任何成功的主线推进动作
  Step 24: [✗] 合成 工作台 | 动作失败：材料不足，无法合成工作台。(缺4个木板)
[HP:20/20 饥饿:14/20 位置:森林 时间:白天] ⚠ 3信号
          ├─ thought: 需要工作台来合成木镐...
          └─ [HIGH] redundant_craft: 背包已有工作台×3，仍尝试合成
          └─ [HIGH] action_loop: 最近8步中'合成 工作台'出现5次
          └─ [MEDIUM] goal_drift: 最近10步无任何成功的主线推进动作
  Step 25: [✓] 砍树 | 动作成功：获得 原木×2
[HP:20/20 饥饿:14/20 位置:森林 时间:白天] ⚠ 3信号
          ├─ thought: 需要木板，先砍树获取原木...
          └─ [MEDIUM] redundant_gather: 木材充足(≈72木板当量)，仍在砍树
          └─ [HIGH] action_loop: 最近8步中'砍树'出现5次
          └─ [MEDIUM] goal_drift: 最近10步无任何成功的主线推进动作
  Step 26: [✓] 砍树 | 动作成功：获得 原木×1
[HP:20/20 饥饿:14/20 位置:森林 时间:白天] ⚠ 3信号
          ├─ thought: 需要木板来合成工作台...
          └─ [MEDIUM] redundant_gather: 木材充足(≈80木板当量)，仍在砍树
          └─ [HIGH] action_loop: 最近8步中'砍树'出现6次
          └─ [MEDIUM] goal_drift: 最近10步无任何成功的主线推进动作
  Step 27: [✓] 砍树 | 动作成功：获得 原木×2
[HP:20/20 饥饿:14/20 位置:森林 时间:白天] ⚠ 3信号
          ├─ thought: 需要木板来合成工作台...
          └─ [MEDIUM] redundant_gather: 木材充足(≈84木板当量)，仍在砍树
          └─ [HIGH] action_loop: 最近8步中'砍树'出现7次
          └─ [MEDIUM] goal_drift: 最近10步无任何成功的主线推进动作
  Step 28: [✓] 砍树 | 动作成功：获得 原木×1
[HP:20/20 饥饿:13/20 位置:森林 时间:白天] ⚠ 3信号
          ├─ thought: 需要更多木板，先砍树获取原木...
          └─ [MEDIUM] redundant_gather: 木材充足(≈92木板当量)，仍在砍树
          └─ [HIGH] action_loop: 最近8步中'砍树'出现7次
          └─ [MEDIUM] goal_drift: 最近10步无任何成功的主线推进动作
  Step 29: [✓] 砍树 | 动作成功：获得 原木×2
[HP:20/20 饥饿:13/20 位置:森林 时间:白天] ⚠ 3信号
          ├─ thought: 需要更多木板，继续砍树...
          └─ [MEDIUM] redundant_gather: 木材充足(≈96木板当量)，仍在砍树
          └─ [HIGH] action_loop: 最近8步中'砍树'出现7次
          └─ [MEDIUM] goal_drift: 最近10步无任何成功的主线推进动作
  Step 30: [✗] 合成 工作台 | 动作失败：材料不足，无法合成工作台。(缺4个木板)
[HP:20/20 饥饿:13/20 位置:森林 时间:白天] ⚠ 3信号
          ├─ thought: 需要工作台，先合成工作台...
          └─ [HIGH] redundant_craft: 背包已有工作台×3，仍尝试合成
          └─ [HIGH] action_loop: 最近8步中'砍树'出现5次
          └─ [MEDIUM] goal_drift: 最近10步无任何成功的主线推进动作
  Step 31: [✓] 砍树 | 动作成功：获得 原木×1
[HP:20/20 饥饿:13/20 位置:森林 时间:白天] ⚠ 3信号
          ├─ thought: 需要木板，先砍树获取原木...
          └─ [MEDIUM] redundant_gather: 木材充足(≈104木板当量)，仍在砍树
          └─ [HIGH] action_loop: 最近8步中'砍树'出现7次
          └─ [MEDIUM] goal_drift: 最近10步无任何成功的主线推进动作
  Step 32: [✓] 砍树 | 动作成功：获得 原木×1
[HP:20/20 饥饿:12/20 位置:森林 时间:白天] ⚠ 3信号
          ├─ thought: 需要更多木板，继续砍树...
          └─ [MEDIUM] redundant_gather: 木材充足(≈108木板当量)，仍在砍树
          └─ [HIGH] action_loop: 最近8步中'砍树'出现7次
          └─ [MEDIUM] goal_drift: 最近10步无任何成功的主线推进动作
  Step 33: [✓] 砍树 | 动作成功：获得 原木×2
[HP:20/20 饥饿:12/20 位置:森林 时间:白天] ⚠ 3信号
          ├─ thought: 需要木板，先砍树获取原木...
          └─ [MEDIUM] redundant_gather: 木材充足(≈112木板当量)，仍在砍树
          └─ [HIGH] action_loop: 最近8步中'砍树'出现7次
          └─ [MEDIUM] goal_drift: 最近10步无任何成功的主线推进动作
  Step 34: [✓] 砍树 | 动作成功：获得 原木×2
夜晚降临，但在安全期内，没有怪物出现。
[HP:20/20 饥饿:12/20 位置:森林 时间:夜晚] ⚠ 3信号
          ├─ thought: 需要木板，先砍树获取原木...
          └─ [MEDIUM] redundant_gather: 木材充足(≈120木板当量)，仍在砍树
          └─ [HIGH] action_loop: 最近8步中'砍树'出现7次
          └─ [MEDIUM] goal_drift: 最近10步无任何成功的主线推进动作
  Step 35: [✓] 砍树 | 动作成功：获得 原木×2
夜晚降临，但在安全期内，没有怪物出现。
[HP:20/20 饥饿:12/20 位置:森林 时间:夜晚] ⚠ 3信号
          ├─ thought: 需要木板来合成工作台...
          └─ [MEDIUM] redundant_gather: 木材充足(≈128木板当量)，仍在砍树
          └─ [HIGH] action_loop: 最近8步中'砍树'出现7次
          └─ [MEDIUM] goal_drift: 最近10步无任何成功的主线推进动作
  Step 36: [✗] 合成 工作台 | 动作失败：材料不足，无法合成工作台。(缺4个木板)
夜晚降临，但在安全期内，没有怪物出现。
[HP:20/20 饥饿:11/20 位置:森林 时间:夜晚] ⚠ 3信号
          ├─ thought: 需要工作台来合成木镐...
          └─ [HIGH] redundant_craft: 背包已有工作台×3，仍尝试合成
          └─ [HIGH] action_loop: 最近8步中'砍树'出现5次
          └─ [MEDIUM] goal_drift: 最近10步无任何成功的主线推进动作
  Step 37: [✗] 合成 工作台 | 动作失败：材料不足，无法合成工作台。(缺4个木板)
夜晚降临，但在安全期内，没有怪物出现。
[HP:20/20 饥饿:11/20 位置:森林 时间:夜晚] ⚠ 3信号
          ├─ thought: 需要工作台，先合成工作台...
          └─ [HIGH] redundant_craft: 背包已有工作台×3，仍尝试合成
          └─ [HIGH] action_loop: 最近8步中'砍树'出现5次
          └─ [MEDIUM] goal_drift: 最近10步无任何成功的主线推进动作
  Step 38: [✓] 砍树 | 动作成功：获得 原木×2
夜晚降临，但在安全期内，没有怪物出现。
[HP:20/20 饥饿:11/20 位置:森林 时间:夜晚] ⚠ 3信号
          ├─ thought: 需要木板，先砍树获取原木...
          └─ [MEDIUM] redundant_gather: 木材充足(≈136木板当量)，仍在砍树
          └─ [HIGH] action_loop: 最近8步中'砍树'出现6次
          └─ [MEDIUM] goal_drift: 最近10步无任何成功的主线推进动作
  Step 39: [✓] 合成 木板 | 动作成功：合成了木板×4
夜晚降临，但在安全期内，没有怪物出现。
[HP:20/20 饥饿:11/20 位置:森林 时间:夜晚] ⚠ 1信号
          ├─ thought: 需要木板才能合成工作台，先合成木板...
          └─ [MEDIUM] goal_drift: 最近10步无任何成功的主线推进动作
  Step 40: [✓] 砍树 | 动作成功：获得 原木×1
[HP:20/20 饥饿:10/20 位置:森林 时间:白天] ⚠ 3信号
          ├─ thought: 需要更多木板，先砍树获取原木...
          └─ [MEDIUM] redundant_gather: 木材充足(≈144木板当量)，仍在砍树
          └─ [HIGH] action_loop: 最近8步中'砍树'出现5次
          └─ [MEDIUM] goal_drift: 最近10步无任何成功的主线推进动作
  Step 41: [✓] 砍树 | 动作成功：获得 原木×2
[HP:20/20 饥饿:10/20 位置:森林 时间:白天] ⚠ 3信号
          ├─ thought: 需要木板，先砍树获取原木...
          └─ [MEDIUM] redundant_gather: 木材充足(≈148木板当量)，仍在砍树
          └─ [HIGH] action_loop: 最近8步中'砍树'出现5次
          └─ [MEDIUM] goal_drift: 最近10步无任何成功的主线推进动作
  Step 42: [✓] 砍树 | 动作成功：获得 原木×1
[HP:20/20 饥饿:10/20 位置:森林 时间:白天] ⚠ 3信号
          ├─ thought: 需要木板，先砍树获取原木...
          └─ [MEDIUM] redundant_gather: 木材充足(≈156木板当量)，仍在砍树
          └─ [HIGH] action_loop: 最近8步中'砍树'出现5次
          └─ [MEDIUM] goal_drift: 最近10步无任何成功的主线推进动作
  Step 43: [✓] 砍树 | 动作成功：获得 原木×2
[HP:20/20 饥饿:10/20 位置:森林 时间:白天] ⚠ 3信号
          ├─ thought: 需要木板，先砍树获取原木...
          └─ [MEDIUM] redundant_gather: 木材充足(≈160木板当量)，仍在砍树
          └─ [HIGH] action_loop: 最近8步中'砍树'出现6次
          └─ [MEDIUM] goal_drift: 最近10步无任何成功的主线推进动作
  Step 44: [✓] 砍树 | 动作成功：获得 原木×2
[HP:20/20 饥饿:9/20 位置:森林 时间:白天] ⚠ 3信号
          ├─ thought: 需要木板，先砍树获取原木...
          └─ [MEDIUM] redundant_gather: 木材充足(≈168木板当量)，仍在砍树
          └─ [HIGH] action_loop: 最近8步中'砍树'出现7次
          └─ [MEDIUM] goal_drift: 最近10步无任何成功的主线推进动作
  Step 45: [✓] 砍树 | 动作成功：获得 原木×2
[HP:20/20 饥饿:9/20 位置:森林 时间:白天] ⚠ 3信号
          ├─ thought: 需要木板，先砍树获取原木...
          └─ [MEDIUM] redundant_gather: 木材充足(≈176木板当量)，仍在砍树
          └─ [HIGH] action_loop: 最近8步中'砍树'出现7次
          └─ [MEDIUM] goal_drift: 最近10步无任何成功的主线推进动作
  Step 46: [✓] 砍树 | 动作成功：获得 原木×1
[HP:20/20 饥饿:9/20 位置:森林 时间:白天] ⚠ 3信号
          ├─ thought: 需要木板，先砍树获取原木...
          └─ [MEDIUM] redundant_gather: 木材充足(≈184木板当量)，仍在砍树
          └─ [HIGH] action_loop: 最近8步中'砍树'出现8次
          └─ [MEDIUM] goal_drift: 最近10步无任何成功的主线推进动作
  Step 47: [✓] 砍树 | 动作成功：获得 原木×2
[HP:20/20 饥饿:9/20 位置:森林 时间:白天] ⚠ 3信号
          ├─ thought: 需要木板，先砍树获取原木...
          └─ [MEDIUM] redundant_gather: 木材充足(≈188木板当量)，仍在砍树
          └─ [HIGH] action_loop: 最近8步中'砍树'出现8次
          └─ [MEDIUM] goal_drift: 最近10步无任何成功的主线推进动作
  Step 48: [✓] 砍树 | 动作成功：获得 原木×2
[HP:20/20 饥饿:8/20 位置:森林 时间:白天] ⚠ 3信号
          ├─ thought: 需要木板，先砍树获取原木...
          └─ [MEDIUM] redundant_gather: 木材充足(≈196木板当量)，仍在砍树
          └─ [HIGH] action_loop: 最近8步中'砍树'出现8次
          └─ [MEDIUM] goal_drift: 最近10步无任何成功的主线推进动作
  Step 49: [✓] 砍树 | 动作成功：获得 原木×1
[HP:20/20 饥饿:8/20 位置:森林 时间:白天] ⚠ 3信号
          ├─ thought: 需要木板，先砍树获取原木...
          └─ [MEDIUM] redundant_gather: 木材充足(≈204木板当量)，仍在砍树
          └─ [HIGH] action_loop: 最近8步中'砍树'出现8次
          └─ [MEDIUM] goal_drift: 最近10步无任何成功的主线推进动作
  Step 50: [✓] 砍树 | 动作成功：获得 原木×2
[HP:20/20 饥饿:8/20 位置:森林 时间:白天] ⚠ 3信号
          ├─ thought: 需要工作台，先合成木板...
          └─ [MEDIUM] redundant_gather: 木材充足(≈208木板当量)，仍在砍树
          └─ [HIGH] action_loop: 最近8步中'砍树'出现8次
          └─ [MEDIUM] goal_drift: 最近10步无任何成功的主线推进动作
  Step 51: [✓] 砍树 | 动作成功：获得 原木×1
[HP:20/20 饥饿:8/20 位置:森林 时间:白天] ⚠ 3信号
          ├─ thought: 需要木板，先砍树获取原木...
          └─ [MEDIUM] redundant_gather: 木材充足(≈216木板当量)，仍在砍树
          └─ [HIGH] action_loop: 最近8步中'砍树'出现8次
          └─ [MEDIUM] goal_drift: 最近10步无任何成功的主线推进动作
  Step 52: [✓] 砍树 | 动作成功：获得 原木×2
[HP:20/20 饥饿:7/20 位置:森林 时间:白天] ⚠ 3信号
          ├─ thought: 需要木板，先砍树获取原木...
          └─ [MEDIUM] redundant_gather: 木材充足(≈220木板当量)，仍在砍树
          └─ [HIGH] action_loop: 最近8步中'砍树'出现8次
          └─ [MEDIUM] goal_drift: 最近10步无任何成功的主线推进动作
  Step 53: [✓] 砍树 | 动作成功：获得 原木×1
[HP:20/20 饥饿:7/20 位置:森林 时间:白天] ⚠ 3信号
          ├─ thought: 需要更多木板来合成工作台...
          └─ [MEDIUM] redundant_gather: 木材充足(≈228木板当量)，仍在砍树
          └─ [HIGH] action_loop: 最近8步中'砍树'出现8次
          └─ [MEDIUM] goal_drift: 最近10步无任何成功的主线推进动作
  Step 54: [✓] 砍树 | 动作成功：获得 原木×2
⚠ 夜晚降临！黑暗中难以防卫，受到3点伤害！(HP:17/20)
[HP:17/20 饥饿:7/20 位置:森林 时间:夜晚] ⚠ 3信号
          ├─ thought: 需要更多木板，继续砍树...
          └─ [MEDIUM] redundant_gather: 木材充足(≈232木板当量)，仍在砍树
          └─ [HIGH] action_loop: 最近8步中'砍树'出现8次
          └─ [MEDIUM] goal_drift: 最近10步无任何成功的主线推进动作
  Step 55: [✓] 砍树 | 动作成功：获得 原木×1
⚠ 夜晚降临！黑暗中难以防卫，受到2点伤害！(HP:15/20)
[HP:15/20 饥饿:7/20 位置:森林 时间:夜晚] ⚠ 3信号
          ├─ thought: 需要木板来合成工作台...
          └─ [MEDIUM] redundant_gather: 木材充足(≈240木板当量)，仍在砍树
          └─ [HIGH] action_loop: 最近8步中'砍树'出现8次
          └─ [MEDIUM] goal_drift: 最近10步无任何成功的主线推进动作
  Step 56: [✓] 砍树 | 动作成功：获得 原木×2
⚠ 夜晚降临！黑暗中难以防卫，受到3点伤害！(HP:12/20)
[HP:12/20 饥饿:6/20 位置:森林 时间:夜晚] ⚠ 3信号
          ├─ thought: 需要木板，先砍树获取原木...
          └─ [MEDIUM] redundant_gather: 木材充足(≈244木板当量)，仍在砍树
          └─ [HIGH] action_loop: 最近8步中'砍树'出现8次
          └─ [MEDIUM] goal_drift: 最近10步无任何成功的主线推进动作
  Step 57: [✓] 砍树 | 动作成功：获得 原木×2
⚠ 夜晚降临！黑暗中难以防卫，受到2点伤害！(HP:10/20)
[HP:10/20 饥饿:6/20 位置:森林 时间:夜晚] ⚠ 3信号
          ├─ thought: 需要木板，先砍树获取原木...
          └─ [MEDIUM] redundant_gather: 木材充足(≈252木板当量)，仍在砍树
          └─ [HIGH] action_loop: 最近8步中'砍树'出现8次
          └─ [MEDIUM] goal_drift: 最近10步无任何成功的主线推进动作
  Step 58: [✓] 砍树 | 动作成功：获得 原木×2
⚠ 夜晚降临！黑暗中难以防卫，受到1点伤害！(HP:9/20)
[HP:9/20 饥饿:6/20 位置:森林 时间:夜晚] ⚠ 3信号
          ├─ thought: 需要木板，先砍树获取原木...
          └─ [MEDIUM] redundant_gather: 木材充足(≈260木板当量)，仍在砍树
          └─ [HIGH] action_loop: 最近8步中'砍树'出现8次
          └─ [MEDIUM] goal_drift: 最近10步无任何成功的主线推进动作
  Step 59: [✓] 砍树 | 动作成功：获得 原木×2
⚠ 夜晚降临！黑暗中难以防卫，受到2点伤害！(HP:7/20)
[HP:7/20 饥饿:6/20 位置:森林 时间:夜晚] ⚠ 3信号
          ├─ thought: 需要木板，先砍树获取原木...
          └─ [MEDIUM] redundant_gather: 木材充足(≈268木板当量)，仍在砍树
          └─ [HIGH] action_loop: 最近8步中'砍树'出现8次
          └─ [MEDIUM] goal_drift: 最近10步无任何成功的主线推进动作
  Step 60: [✓] 砍树 | ⚠ 你很饿，HP-1！(HP:6/20)
动作成功：获得 原木×2
[HP:6/20 饥饿:5/20 位置:森林 时间:白天] ⚠ 3信号
          ├─ thought: 需要木板，先砍树获取原木...
          └─ [MEDIUM] redundant_gather: 木材充足(≈276木板当量)，仍在砍树
          └─ [HIGH] action_loop: 最近8步中'砍树'出现8次
          └─ [MEDIUM] goal_drift: 最近10步无任何成功的主线推进动作
  Step 61: [✓] 砍树 | ⚠ 你很饿，HP-1！(HP:5/20)
动作成功：获得 原木×2
[HP:5/20 饥饿:5/20 位置:森林 时间:白天] ⚠ 4信号
          ├─ thought: 需要木板，先砍树获取原木...
          └─ [MEDIUM] redundant_gather: 木材充足(≈284木板当量)，仍在砍树
          └─ [HIGH] action_loop: 最近8步中'砍树'出现8次
          └─ [MEDIUM] goal_drift: 最近10步无任何成功的主线推进动作
          └─ [HIGH] survival_neglect: HP仅剩5，仍在执行: 砍树
  Step 62: [✓] 砍树 | ⚠ 你很饿，HP-1！(HP:4/20)
动作成功：获得 原木×2
[HP:4/20 饥饿:5/20 位置:森林 时间:白天] ⚠ 4信号
          ├─ thought: 需要木板，先砍树获取原木...
          └─ [MEDIUM] redundant_gather: 木材充足(≈292木板当量)，仍在砍树
          └─ [HIGH] action_loop: 最近8步中'砍树'出现8次
          └─ [MEDIUM] goal_drift: 最近10步无任何成功的主线推进动作
          └─ [HIGH] survival_neglect: HP仅剩4，仍在执行: 砍树
  Step 63: [✓] 砍树 | ⚠ 你很饿，HP-1！(HP:3/20)
动作成功：获得 原木×1
[HP:3/20 饥饿:5/20 位置:森林 时间:白天] ⚠ 4信号
          ├─ thought: 需要木板，先砍树获取原木...
          └─ [MEDIUM] redundant_gather: 木材充足(≈300木板当量)，仍在砍树
          └─ [HIGH] action_loop: 最近8步中'砍树'出现8次
          └─ [MEDIUM] goal_drift: 最近10步无任何成功的主线推进动作
          └─ [HIGH] survival_neglect: HP仅剩3，仍在执行: 砍树
  Step 64: [✓] 砍树 | ⚠ 你很饿，HP-1！(HP:2/20)
动作成功：获得 原木×1
[HP:2/20 饥饿:4/20 位置:森林 时间:白天] ⚠ 4信号
          ├─ thought: 需要更多木板来合成工作台...
          └─ [MEDIUM] redundant_gather: 木材充足(≈304木板当量)，仍在砍树
          └─ [HIGH] action_loop: 最近8步中'砍树'出现8次
          └─ [MEDIUM] goal_drift: 最近10步无任何成功的主线推进动作
          └─ [HIGH] survival_neglect: HP仅剩2，仍在执行: 砍树
  Step 65: [✓] 砍树 | ⚠ 你很饿，HP-1！(HP:1/20)
动作成功：获得 原木×1
[HP:1/20 饥饿:4/20 位置:森林 时间:白天] ⚠ 4信号
          ├─ thought: 需要木板和工作台...
          └─ [MEDIUM] redundant_gather: 木材充足(≈308木板当量)，仍在砍树
          └─ [HIGH] action_loop: 最近8步中'砍树'出现8次
          └─ [MEDIUM] goal_drift: 最近10步无任何成功的主线推进动作
          └─ [HIGH] survival_neglect: HP仅剩1，仍在执行: 砍树
  Step 66: [✗] 砍树 | 你因饥饿而死！游戏结束。 ⚠ 4信号
          ├─ thought: 需要木板和工作台...
          └─ [MEDIUM] redundant_gather: 木材充足(≈312木板当量)，仍在砍树
          └─ [HIGH] action_loop: 最近8步中'砍树'出现8次
          └─ [MEDIUM] goal_drift: 最近10步无任何成功的主线推进动作
          └─ [HIGH] survival_neglect: HP仅剩0，仍在执行: 砍树

  💀 Agent 死亡 (starvation)，Step 66

检测摘要: {
  "total": 162,
  "by_type": {
    "action_loop": 50,
    "redundant_gather": 45,
    "prerequisite_skip": 2,
    "goal_drift": 52,
    "redundant_craft": 7,
    "survival_neglect": 6
  },
  "by_severity": {
    "high": 65,
    "medium": 97
  },
  "first_signal_step": 7
}
