
============================================================
实验开始 | 难度: extreme | 目标: 附魔台
支线: ['钻石剑', '钻石胸甲', '床', '书架', '盾牌', '面包']
生存模式: True
============================================================
  Step 1: [✓] 砍树 | 动作成功：获得 原木×2
[HP:20/20 饥饿:20/20 位置:森林 时间:白天]
          ├─ thought: 需要木板，先砍树获取原木...
  Step 2: [✓] 砍树 | 动作成功：获得 原木×1
[HP:20/20 饥饿:20/20 位置:森林 时间:白天]
          ├─ thought: 需要木板，先砍树获取原木...
  Step 3: [✓] 砍树 | 动作成功：获得 原木×2
[HP:20/20 饥饿:20/20 位置:森林 时间:白天]
          ├─ thought: 需要木板，先砍树获取原木...
  Step 4: [✓] 砍树 | 动作成功：获得 原木×1
[HP:20/20 饥饿:19/20 位置:森林 时间:白天]
          ├─ thought: 需要木板，先砍树获取原木...
  Step 5: [✓] 砍树 | 动作成功：获得 原木×1
[HP:20/20 饥饿:19/20 位置:森林 时间:白天]
          ├─ thought: 需要木板，先砍树获取原木...
  Step 6: [✓] 砍树 | 动作成功：获得 原木×2
[HP:20/20 饥饿:19/20 位置:森林 时间:白天]
          ├─ thought: 需要木板，先砍树获取原木...
  Step 7: [✓] 砍树 | 动作成功：获得 原木×1
[HP:20/20 饥饿:19/20 位置:森林 时间:白天] ⚠ 1信号
          ├─ thought: 需要木板，先砍树获取原木...
          └─ [HIGH] action_loop: 最近8步中'砍树'出现8次
  Step 8: [✓] 砍树 | 动作成功：获得 原木×2
[HP:20/20 饥饿:18/20 位置:森林 时间:白天] ⚠ 2信号
          ├─ thought: 需要木板，先砍树获取原木...
          └─ [MEDIUM] redundant_gather: 木材充足(≈40木板当量)，仍在砍树
          └─ [HIGH] action_loop: 最近8步中'砍树'出现8次
  Step 9: [✓] 砍树 | 动作成功：获得 原木×2
[HP:20/20 饥饿:18/20 位置:森林 时间:白天] ⚠ 2信号
          ├─ thought: 需要木板，先砍树获取原木...
          └─ [MEDIUM] redundant_gather: 木材充足(≈48木板当量)，仍在砍树
          └─ [HIGH] action_loop: 最近8步中'砍树'出现8次
  Step 10: [✓] 砍树 | 动作成功：获得 原木×1
[HP:20/20 饥饿:18/20 位置:森林 时间:白天] ⚠ 2信号
          ├─ thought: 需要木板，先砍树获取原木...
          └─ [MEDIUM] redundant_gather: 木材充足(≈56木板当量)，仍在砍树
          └─ [HIGH] action_loop: 最近8步中'砍树'出现8次
  Step 11: [✓] 砍树 | 动作成功：获得 原木×1
[HP:20/20 饥饿:18/20 位置:森林 时间:白天] ⚠ 2信号
          ├─ thought: 需要木板，先砍树获取原木...
          └─ [MEDIUM] redundant_gather: 木材充足(≈60木板当量)，仍在砍树
          └─ [HIGH] action_loop: 最近8步中'砍树'出现8次
  Step 12: [✓] 合成 木板 | 动作成功：合成了木板×4
[HP:20/20 饥饿:17/20 位置:森林 时间:白天] ⚠ 1信号
          ├─ thought: 需要木板，先合成木板...
          └─ [HIGH] action_loop: 最近8步中'砍树'出现6次
  Step 13: [✓] 合成 木板 | 动作成功：合成了木板×4
[HP:20/20 饥饿:17/20 位置:森林 时间:白天] ⚠ 1信号
          ├─ thought: 需要木棍，先合成木板...
          └─ [HIGH] action_loop: 最近8步中'砍树'出现5次
  Step 14: [✓] 合成 木板 | 动作成功：合成了木板×4
夜晚降临，但在安全期内，没有怪物出现。
[HP:20/20 饥饿:17/20 位置:森林 时间:夜晚]
          ├─ thought: 需要木镐，先合成木板...
  Step 15: [✗] 合成 木镐 | 动作失败：合成木镐需要工作台，你还没有工作台。
夜晚降临，但在安全期内，没有怪物出现。
[HP:20/20 饥饿:17/20 位置:森林 时间:夜晚] ⚠ 2信号
          ├─ thought: 需要木镐来挖矿...
          └─ [HIGH] prerequisite_skip: 尝试合成 木镐但缺少前置工具: 动作失败：合成木镐需要工作台，你还没有工作台。
夜晚降临，但在安全期内，没有怪物出现。
[HP:20/20 饥饿:17/20 位置:森林 时间:夜晚]
          └─ [MEDIUM] goal_drift: 最近10步无任何成功的主线推进动作
  Step 16: [✓] 砍树 | 动作成功：获得 原木×1
夜晚降临，但在安全期内，没有怪物出现。
[HP:20/20 饥饿:16/20 位置:森林 时间:夜晚] ⚠ 2信号
          ├─ thought: 需要木板来合成工作台...
          └─ [MEDIUM] redundant_gather: 木材充足(≈64木板当量)，仍在砍树
          └─ [MEDIUM] goal_drift: 最近10步无任何成功的主线推进动作
  Step 17: [✓] 合成 工作台 | 动作成功：合成了工作台×1
夜晚降临，但在安全期内，没有怪物出现。
[HP:20/20 饥饿:16/20 位置:森林 时间:夜晚] ⚠ 1信号
          ├─ thought: 需要木镐，先合成工作台...
          └─ [MEDIUM] goal_drift: 最近10步无任何成功的主线推进动作
  Step 18: [✗] 合成 铁镐 | 动作失败：材料不足，无法合成铁镐。(缺3个铁锭, 缺2个木棍)
夜晚降临，但在安全期内，没有怪物出现。
[HP:20/20 饥饿:16/20 位置:森林 时间: ⚠ 1信号
          ├─ thought: 需要铁镐来挖矿石...
          └─ [MEDIUM] goal_drift: 最近10步无任何成功的主线推进动作
  Step 19: [✓] 移动 矿洞 | 动作成功：从森林移动到矿洞。深邃的矿洞，可以挖掘各种矿石
夜晚降临，但在安全期内，没有怪物出现。
[HP:20/20 饥饿:16/20 位置:矿洞 时间:夜晚] ⚠ 1信号
          ├─ thought: 需要铁锭来合成铁镐，先去矿洞挖铁矿石...
          └─ [MEDIUM] goal_drift: 最近10步无任何成功的主线推进动作
  Step 20: [✓] 合成 工作台 | 动作成功：合成了工作台×1
[HP:20/20 饥饿:15/20 位置:矿洞 时间:白天] ⚠ 2信号
          ├─ thought: 需要铁镐，先合成工作台...
          └─ [HIGH] redundant_craft: 背包已有工作台×1，仍尝试合成
          └─ [MEDIUM] goal_drift: 最近10步无任何成功的主线推进动作
  Step 21: [✓] 合成 工作台 | 动作成功：合成了工作台×1
[HP:20/20 饥饿:15/20 位置:矿洞 时间:白天] ⚠ 2信号
          ├─ thought: 需要铁镐，先合成工作台...
          └─ [HIGH] redundant_craft: 背包已有工作台×2，仍尝试合成
          └─ [MEDIUM] goal_drift: 最近10步无任何成功的主线推进动作
  Step 22: [✗] 移动 矿洞 | 动作失败：你已经在矿洞了。
[HP:20/20 饥饿:15/20 位置:矿洞 时间:白天] ⚠ 1信号
          ├─ thought: 需要铁锭来合成铁镐，先去矿洞挖铁矿石...
          └─ [MEDIUM] goal_drift: 最近10步无任何成功的主线推进动作
  Step 23: [✗] 挖矿 <矿石> | 动作失败：未知矿石 '<矿石>'。可挖掘：圆石, 煤炭, 铁矿石, 金矿石, 红石, 钻石, 黑曜石
[HP:20/20 饥饿:15/20 位置:矿洞 时间:白 ⚠ 1信号
          ├─ thought: 需要铁锭和木棍来合成铁镐...
          └─ [MEDIUM] goal_drift: 最近10步无任何成功的主线推进动作
  Step 24: [✗] 合成 工作台 | 动作失败：材料不足，无法合成工作台。(缺4个木板)
[HP:20/20 饥饿:14/20 位置:矿洞 时间:白天] ⚠ 2信号
          ├─ thought: 需要工作台来合成木镐...
          └─ [HIGH] redundant_craft: 背包已有工作台×3，仍尝试合成
          └─ [MEDIUM] goal_drift: 最近10步无任何成功的主线推进动作
  Step 25: [✗] 砍树 | 动作失败：'砍树' 在矿洞无法执行。需要前往：森林
[HP:20/20 饥饿:14/20 位置:矿洞 时间:白天] ⚠ 3信号
          ├─ thought: 需要木板来合成工作台...
          └─ [MEDIUM] redundant_gather: 木材充足(≈56木板当量)，仍在砍树
          └─ [MEDIUM] goal_drift: 最近10步无任何成功的主线推进动作
          └─ [HIGH] spatial_confusion: 在错误地点执行砍树: 动作失败：'砍树' 在矿洞无法执行。需要前往：森林
[HP:20/20 饥饿:14/20 位置:矿洞 时间:白天]
  Step 26: [✗] 砍树 | 动作失败：'砍树' 在矿洞无法执行。需要前往：森林
[HP:20/20 饥饿:14/20 位置:矿洞 时间:白天] ⚠ 3信号
          ├─ thought: 需要木板，先砍树获取原木...
          └─ [MEDIUM] redundant_gather: 木材充足(≈56木板当量)，仍在砍树
          └─ [MEDIUM] goal_drift: 最近10步无任何成功的主线推进动作
          └─ [HIGH] spatial_confusion: 在错误地点执行砍树: 动作失败：'砍树' 在矿洞无法执行。需要前往：森林
[HP:20/20 饥饿:14/20 位置:矿洞 时间:白天]
  Step 27: [✗] 移动 矿洞 | 动作失败：你已经在矿洞了。
[HP:20/20 饥饿:14/20 位置:矿洞 时间:白天] ⚠ 1信号
          ├─ thought: 需要铁锭，先去矿洞挖铁矿石...
          └─ [MEDIUM] goal_drift: 最近10步无任何成功的主线推进动作
  Step 28: [✗] 砍树 | 动作失败：'砍树' 在矿洞无法执行。需要前往：森林
[HP:20/20 饥饿:13/20 位置:矿洞 时间:白天] ⚠ 3信号
          ├─ thought: 需要木板，先砍树获取原木...
          └─ [MEDIUM] redundant_gather: 木材充足(≈56木板当量)，仍在砍树
          └─ [MEDIUM] goal_drift: 最近10步无任何成功的主线推进动作
          └─ [HIGH] spatial_confusion: 在错误地点执行砍树: 动作失败：'砍树' 在矿洞无法执行。需要前往：森林
[HP:20/20 饥饿:13/20 位置:矿洞 时间:白天]
  Step 29: [✗] 合成 铁镐 | 动作失败：材料不足，无法合成铁镐。(缺3个铁锭, 缺2个木棍)
[HP:20/20 饥饿:13/20 位置:矿洞 时间:白天] ⚠ 1信号
          ├─ thought: 需要铁镐来挖矿石...
          └─ [MEDIUM] goal_drift: 最近10步无任何成功的主线推进动作
  Step 30: [✗] 合成 工作台 | 动作失败：材料不足，无法合成工作台。(缺4个木板)
[HP:20/20 饥饿:13/20 位置:矿洞 时间:白天] ⚠ 2信号
          ├─ thought: 需要铁镐，先合成工作台...
          └─ [HIGH] redundant_craft: 背包已有工作台×3，仍尝试合成
          └─ [MEDIUM] goal_drift: 最近10步无任何成功的主线推进动作
  Step 31: [✗] 砍树 | 动作失败：'砍树' 在矿洞无法执行。需要前往：森林
[HP:20/20 饥饿:13/20 位置:矿洞 时间:白天] ⚠ 4信号
          ├─ thought: 需要木板，先砍树获取原木...
          └─ [MEDIUM] redundant_gather: 木材充足(≈56木板当量)，仍在砍树
          └─ [HIGH] action_loop: 最近8步中'砍树'出现5次
          └─ [MEDIUM] goal_drift: 最近10步无任何成功的主线推进动作
          └─ [HIGH] spatial_confusion: 在错误地点执行砍树: 动作失败：'砍树' 在矿洞无法执行。需要前往：森林
[HP:20/20 饥饿:13/20 位置:矿洞 时间:白天]
  Step 32: [✗] 砍树 | 动作失败：'砍树' 在矿洞无法执行。需要前往：森林
[HP:20/20 饥饿:12/20 位置:矿洞 时间:白天] ⚠ 4信号
          ├─ thought: 需要木板和工作台来合成铁镐...
          └─ [MEDIUM] redundant_gather: 木材充足(≈56木板当量)，仍在砍树
          └─ [HIGH] action_loop: 最近8步中'砍树'出现5次
          └─ [MEDIUM] goal_drift: 最近10步无任何成功的主线推进动作
          └─ [HIGH] spatial_confusion: 在错误地点执行砍树: 动作失败：'砍树' 在矿洞无法执行。需要前往：森林
[HP:20/20 饥饿:12/20 位置:矿洞 时间:白天]
  Step 33: [✗] 砍树 | 动作失败：'砍树' 在矿洞无法执行。需要前往：森林
[HP:20/20 饥饿:12/20 位置:矿洞 时间:白天] ⚠ 4信号
          ├─ thought: 需要木板来合成工作台...
          └─ [MEDIUM] redundant_gather: 木材充足(≈56木板当量)，仍在砍树
          └─ [HIGH] action_loop: 最近8步中'砍树'出现5次
          └─ [MEDIUM] goal_drift: 最近10步无任何成功的主线推进动作
          └─ [HIGH] spatial_confusion: 在错误地点执行砍树: 动作失败：'砍树' 在矿洞无法执行。需要前往：森林
[HP:20/20 饥饿:12/20 位置:矿洞 时间:白天]
  Step 34: [✗] 合成 工作台 | 动作失败：材料不足，无法合成工作台。(缺4个木板)
夜晚降临，但在安全期内，没有怪物出现。
[HP:20/20 饥饿:12/20 位置:矿洞 时间:夜晚] ⚠ 2信号
          ├─ thought: 需要铁镐，先合成工作台...
          └─ [HIGH] redundant_craft: 背包已有工作台×3，仍尝试合成
          └─ [MEDIUM] goal_drift: 最近10步无任何成功的主线推进动作
  Step 35: [✗] 砍树 | 动作失败：'砍树' 在矿洞无法执行。需要前往：森林
夜晚降临，但在安全期内，没有怪物出现。
[HP:20/20 饥饿:12/20 位置:矿洞 时间:夜晚] ⚠ 4信号
          ├─ thought: 需要木板，先砍树获取原木...
          └─ [MEDIUM] redundant_gather: 木材充足(≈56木板当量)，仍在砍树
          └─ [HIGH] action_loop: 最近8步中'砍树'出现5次
          └─ [MEDIUM] goal_drift: 最近10步无任何成功的主线推进动作
          └─ [HIGH] spatial_confusion: 在错误地点执行砍树: 动作失败：'砍树' 在矿洞无法执行。需要前往：森林
夜晚降临，但在安全期内，没有怪物出现。
[HP:20/20 饥饿:12/20 位置:矿洞 时间:夜晚]
  Step 36: [✗] 砍树 | 动作失败：'砍树' 在矿洞无法执行。需要前往：森林
夜晚降临，但在安全期内，没有怪物出现。
[HP:20/20 饥饿:11/20 位置:矿洞 时间:夜晚] ⚠ 4信号
          ├─ thought: 需要木板来合成工作台...
          └─ [MEDIUM] redundant_gather: 木材充足(≈56木板当量)，仍在砍树
          └─ [HIGH] action_loop: 最近8步中'砍树'出现6次
          └─ [MEDIUM] goal_drift: 最近10步无任何成功的主线推进动作
          └─ [HIGH] spatial_confusion: 在错误地点执行砍树: 动作失败：'砍树' 在矿洞无法执行。需要前往：森林
夜晚降临，但在安全期内，没有怪物出现。
[HP:20/20 饥饿:11/20 位置:矿洞 时间:夜晚]
  Step 37: [✓] 移动 森林 | 动作成功：从矿洞移动到森林。茂密的森林，可以砍树、打猎和采集苹果
夜晚降临，但在安全期内，没有怪物出现。
[HP:20/20 饥饿:11/20 位置:森林 时间 ⚠ 2信号
          ├─ thought: 需要木板和工作台，先前往森林砍树获取原木...
          └─ [HIGH] action_loop: 最近8步中'砍树'出现5次
          └─ [MEDIUM] goal_drift: 最近10步无任何成功的主线推进动作
  Step 38: [✓] 砍树 | 动作成功：获得 原木×2
夜晚降临，但在安全期内，没有怪物出现。
[HP:20/20 饥饿:11/20 位置:森林 时间:夜晚] ⚠ 3信号
          ├─ thought: 需要木板，先砍树获取原木...
          └─ [MEDIUM] redundant_gather: 木材充足(≈56木板当量)，仍在砍树
          └─ [HIGH] action_loop: 最近8步中'砍树'出现6次
          └─ [MEDIUM] goal_drift: 最近10步无任何成功的主线推进动作
  Step 39: [✓] 砍树 | 动作成功：获得 原木×1
夜晚降临，但在安全期内，没有怪物出现。
[HP:20/20 饥饿:11/20 位置:森林 时间:夜晚] ⚠ 3信号
          ├─ thought: 需要木板，先砍树获取原木...
          └─ [MEDIUM] redundant_gather: 木材充足(≈64木板当量)，仍在砍树
          └─ [HIGH] action_loop: 最近8步中'砍树'出现6次
          └─ [MEDIUM] goal_drift: 最近10步无任何成功的主线推进动作
  Step 40: [✓] 砍树 | 动作成功：获得 原木×1
[HP:20/20 饥饿:10/20 位置:森林 时间:白天] ⚠ 3信号
          ├─ thought: 需要木板，先砍树获取原木...
          └─ [MEDIUM] redundant_gather: 木材充足(≈68木板当量)，仍在砍树
          └─ [HIGH] action_loop: 最近8步中'砍树'出现6次
          └─ [MEDIUM] goal_drift: 最近10步无任何成功的主线推进动作
  Step 41: [✓] 砍树 | 动作成功：获得 原木×2
[HP:20/20 饥饿:10/20 位置:森林 时间:白天] ⚠ 3信号
          ├─ thought: 需要木板，先砍树获取原木...
          └─ [MEDIUM] redundant_gather: 木材充足(≈72木板当量)，仍在砍树
          └─ [HIGH] action_loop: 最近8步中'砍树'出现7次
          └─ [MEDIUM] goal_drift: 最近10步无任何成功的主线推进动作
  Step 42: [✓] 砍树 | 动作成功：获得 原木×2
[HP:20/20 饥饿:10/20 位置:森林 时间:白天] ⚠ 3信号
          ├─ thought: 需要木板来合成工作台...
          └─ [MEDIUM] redundant_gather: 木材充足(≈80木板当量)，仍在砍树
          └─ [HIGH] action_loop: 最近8步中'砍树'出现7次
          └─ [MEDIUM] goal_drift: 最近10步无任何成功的主线推进动作
  Step 43: [✓] 砍树 | 动作成功：获得 原木×2
[HP:20/20 饥饿:10/20 位置:森林 时间:白天] ⚠ 3信号
          ├─ thought: 需要木板，先砍树获取原木...
          └─ [MEDIUM] redundant_gather: 木材充足(≈88木板当量)，仍在砍树
          └─ [HIGH] action_loop: 最近8步中'砍树'出现7次
          └─ [MEDIUM] goal_drift: 最近10步无任何成功的主线推进动作
  Step 44: [✓] 砍树 | 动作成功：获得 原木×1
[HP:20/20 饥饿:9/20 位置:森林 时间:白天] ⚠ 3信号
          ├─ thought: 需要木板来合成工作台...
          └─ [MEDIUM] redundant_gather: 木材充足(≈96木板当量)，仍在砍树
          └─ [HIGH] action_loop: 最近8步中'砍树'出现8次
          └─ [MEDIUM] goal_drift: 最近10步无任何成功的主线推进动作
  Step 45: [✓] 砍树 | 动作成功：获得 原木×2
[HP:20/20 饥饿:9/20 位置:森林 时间:白天] ⚠ 3信号
          ├─ thought: 需要木板和木棍来合成工作台...
          └─ [MEDIUM] redundant_gather: 木材充足(≈100木板当量)，仍在砍树
          └─ [HIGH] action_loop: 最近8步中'砍树'出现8次
          └─ [MEDIUM] goal_drift: 最近10步无任何成功的主线推进动作
  Step 46: [✓] 砍树 | 动作成功：获得 原木×2
[HP:20/20 饥饿:9/20 位置:森林 时间:白天] ⚠ 3信号
          ├─ thought: 需要木板，先砍树获取原木...
          └─ [MEDIUM] redundant_gather: 木材充足(≈108木板当量)，仍在砍树
          └─ [HIGH] action_loop: 最近8步中'砍树'出现8次
          └─ [MEDIUM] goal_drift: 最近10步无任何成功的主线推进动作
  Step 47: [✓] 砍树 | 动作成功：获得 原木×2
[HP:20/20 饥饿:9/20 位置:森林 时间:白天] ⚠ 3信号
          ├─ thought: 需要木板来合成工作台...
          └─ [MEDIUM] redundant_gather: 木材充足(≈116木板当量)，仍在砍树
          └─ [HIGH] action_loop: 最近8步中'砍树'出现8次
          └─ [MEDIUM] goal_drift: 最近10步无任何成功的主线推进动作
  Step 48: [✓] 砍树 | 动作成功：获得 原木×1
[HP:20/20 饥饿:8/20 位置:森林 时间:白天] ⚠ 3信号
          ├─ thought: 需要木板来合成工作台...
          └─ [MEDIUM] redundant_gather: 木材充足(≈124木板当量)，仍在砍树
          └─ [HIGH] action_loop: 最近8步中'砍树'出现8次
          └─ [MEDIUM] goal_drift: 最近10步无任何成功的主线推进动作
  Step 49: [✓] 移动 平原 | 动作成功：从森林移动到平原。开阔的平原，可以放牧、收割小麦和甘蔗
[HP:20/20 饥饿:8/20 位置:平原 时间:白天] ⚠ 2信号
          ├─ thought: 需要铁锭来合成铁镐...
          └─ [HIGH] action_loop: 最近8步中'砍树'出现6次
          └─ [MEDIUM] goal_drift: 最近10步无任何成功的主线推进动作
  Step 50: [✗] 砍树 | 动作失败：'砍树' 在平原无法执行。需要前往：森林
[HP:20/20 饥饿:8/20 位置:平原 时间:白天] ⚠ 4信号
          ├─ thought: 需要木板来合成工作台...
          └─ [MEDIUM] redundant_gather: 木材充足(≈128木板当量)，仍在砍树
          └─ [HIGH] action_loop: 最近8步中'砍树'出现7次
          └─ [MEDIUM] goal_drift: 最近10步无任何成功的主线推进动作
          └─ [HIGH] spatial_confusion: 在错误地点执行砍树: 动作失败：'砍树' 在平原无法执行。需要前往：森林
[HP:20/20 饥饿:8/20 位置:平原 时间:白天]
  Step 51: [✗] 砍树 | 动作失败：'砍树' 在平原无法执行。需要前往：森林
[HP:20/20 饥饿:8/20 位置:平原 时间:白天] ⚠ 4信号
          ├─ thought: 需要木板，先砍树获取原木...
          └─ [MEDIUM] redundant_gather: 木材充足(≈128木板当量)，仍在砍树
          └─ [HIGH] action_loop: 最近8步中'砍树'出现7次
          └─ [MEDIUM] goal_drift: 最近10步无任何成功的主线推进动作
          └─ [HIGH] spatial_confusion: 在错误地点执行砍树: 动作失败：'砍树' 在平原无法执行。需要前往：森林
[HP:20/20 饥饿:8/20 位置:平原 时间:白天]
  Step 52: [✗] 砍树 | 动作失败：'砍树' 在平原无法执行。需要前往：森林
[HP:20/20 饥饿:7/20 位置:平原 时间:白天] ⚠ 4信号
          ├─ thought: 需要木板，先砍树获取原木...
          └─ [MEDIUM] redundant_gather: 木材充足(≈128木板当量)，仍在砍树
          └─ [HIGH] action_loop: 最近8步中'砍树'出现7次
          └─ [MEDIUM] goal_drift: 最近10步无任何成功的主线推进动作
          └─ [HIGH] spatial_confusion: 在错误地点执行砍树: 动作失败：'砍树' 在平原无法执行。需要前往：森林
[HP:20/20 饥饿:7/20 位置:平原 时间:白天]
  Step 53: [✗] 砍树 | 动作失败：'砍树' 在平原无法执行。需要前往：森林
[HP:20/20 饥饿:7/20 位置:平原 时间:白天] ⚠ 4信号
          ├─ thought: 需要木板，先砍树获取原木...
          └─ [MEDIUM] redundant_gather: 木材充足(≈128木板当量)，仍在砍树
          └─ [HIGH] action_loop: 最近8步中'砍树'出现7次
          └─ [MEDIUM] goal_drift: 最近10步无任何成功的主线推进动作
          └─ [HIGH] spatial_confusion: 在错误地点执行砍树: 动作失败：'砍树' 在平原无法执行。需要前往：森林
[HP:20/20 饥饿:7/20 位置:平原 时间:白天]
  Step 54: [✗] 砍树 | 动作失败：'砍树' 在平原无法执行。需要前往：森林
⚠ 夜晚降临！黑暗中难以防卫，受到2点伤害！(HP:18/20)
[HP:18/20 饥饿:7/20 位置: ⚠ 4信号
          ├─ thought: 需要木板来合成工作台...
          └─ [MEDIUM] redundant_gather: 木材充足(≈128木板当量)，仍在砍树
          └─ [HIGH] action_loop: 最近8步中'砍树'出现7次
          └─ [MEDIUM] goal_drift: 最近10步无任何成功的主线推进动作
          └─ [HIGH] spatial_confusion: 在错误地点执行砍树: 动作失败：'砍树' 在平原无法执行。需要前往：森林
⚠ 夜晚降临！黑暗中难以防卫，受到2点伤害！(HP:18/20)
[HP:18/20 饥饿:7/20 位置:平原 时间:夜晚]
  Step 55: [✗] 砍树 | 动作失败：'砍树' 在平原无法执行。需要前往：森林
⚠ 夜晚降临！黑暗中难以防卫，受到3点伤害！(HP:15/20)
[HP:15/20 饥饿:7/20 位置: ⚠ 4信号
          ├─ thought: 需要木板，先砍树获取原木...
          └─ [MEDIUM] redundant_gather: 木材充足(≈128木板当量)，仍在砍树
          └─ [HIGH] action_loop: 最近8步中'砍树'出现7次
          └─ [MEDIUM] goal_drift: 最近10步无任何成功的主线推进动作
          └─ [HIGH] spatial_confusion: 在错误地点执行砍树: 动作失败：'砍树' 在平原无法执行。需要前往：森林
⚠ 夜晚降临！黑暗中难以防卫，受到3点伤害！(HP:15/20)
[HP:15/20 饥饿:7/20 位置:平原 时间:夜晚]
  Step 56: [✗] 砍树 | 动作失败：'砍树' 在平原无法执行。需要前往：森林
⚠ 夜晚降临！黑暗中难以防卫，受到3点伤害！(HP:12/20)
[HP:12/20 饥饿:6/20 位置: ⚠ 4信号
          ├─ thought: 需要木板来合成工作台...
          └─ [MEDIUM] redundant_gather: 木材充足(≈128木板当量)，仍在砍树
          └─ [HIGH] action_loop: 最近8步中'砍树'出现8次
          └─ [MEDIUM] goal_drift: 最近10步无任何成功的主线推进动作
          └─ [HIGH] spatial_confusion: 在错误地点执行砍树: 动作失败：'砍树' 在平原无法执行。需要前往：森林
⚠ 夜晚降临！黑暗中难以防卫，受到3点伤害！(HP:12/20)
[HP:12/20 饥饿:6/20 位置:平原 时间:夜晚]
  Step 57: [✗] 砍树 | 动作失败：'砍树' 在平原无法执行。需要前往：森林
⚠ 夜晚降临！黑暗中难以防卫，受到1点伤害！(HP:11/20)
[HP:11/20 饥饿:6/20 位置: ⚠ 4信号
          ├─ thought: 需要木板，先砍树获取原木...
          └─ [MEDIUM] redundant_gather: 木材充足(≈128木板当量)，仍在砍树
          └─ [HIGH] action_loop: 最近8步中'砍树'出现8次
          └─ [MEDIUM] goal_drift: 最近10步无任何成功的主线推进动作
          └─ [HIGH] spatial_confusion: 在错误地点执行砍树: 动作失败：'砍树' 在平原无法执行。需要前往：森林
⚠ 夜晚降临！黑暗中难以防卫，受到1点伤害！(HP:11/20)
[HP:11/20 饥饿:6/20 位置:平原 时间:夜晚]
  Step 58: [✓] 移动 森林 | 动作成功：从平原移动到森林。茂密的森林，可以砍树、打猎和采集苹果
⚠ 夜晚降临！黑暗中难以防卫，受到2点伤害！(HP:9/20)
[HP:9/20 饥饿:6/2 ⚠ 2信号
          ├─ thought: 需要木板和木棍合成木镐，但还没有工作台...
          └─ [HIGH] action_loop: 最近8步中'砍树'出现6次
          └─ [MEDIUM] goal_drift: 最近10步无任何成功的主线推进动作
  Step 59: [✓] 砍树 | 动作成功：获得 原木×1
⚠ 夜晚降临！黑暗中难以防卫，受到3点伤害！(HP:6/20)
[HP:6/20 饥饿:6/20 位置:森林 时间:夜晚] ⚠ 3信号
          ├─ thought: 需要木板，先砍树获取原木...
          └─ [MEDIUM] redundant_gather: 木材充足(≈128木板当量)，仍在砍树
          └─ [HIGH] action_loop: 最近8步中'砍树'出现7次
          └─ [MEDIUM] goal_drift: 最近10步无任何成功的主线推进动作
  Step 60: [✓] 砍树 | ⚠ 你很饿，HP-1！(HP:5/20)
动作成功：获得 原木×1
[HP:5/20 饥饿:5/20 位置:森林 时间:白天] ⚠ 4信号
          ├─ thought: 需要木板，先砍树获取原木...
          └─ [MEDIUM] redundant_gather: 木材充足(≈132木板当量)，仍在砍树
          └─ [HIGH] action_loop: 最近8步中'砍树'出现7次
          └─ [MEDIUM] goal_drift: 最近10步无任何成功的主线推进动作
          └─ [HIGH] survival_neglect: HP仅剩5，仍在执行: 砍树
  Step 61: [✓] 砍树 | ⚠ 你很饿，HP-1！(HP:4/20)
动作成功：获得 原木×2
[HP:4/20 饥饿:5/20 位置:森林 时间:白天] ⚠ 4信号
          ├─ thought: 需要木板，先砍树获取原木...
          └─ [MEDIUM] redundant_gather: 木材充足(≈136木板当量)，仍在砍树
          └─ [HIGH] action_loop: 最近8步中'砍树'出现7次
          └─ [MEDIUM] goal_drift: 最近10步无任何成功的主线推进动作
          └─ [HIGH] survival_neglect: HP仅剩4，仍在执行: 砍树
  Step 62: [✓] 砍树 | ⚠ 你很饿，HP-1！(HP:3/20)
动作成功：获得 原木×2
[HP:3/20 饥饿:5/20 位置:森林 时间:白天] ⚠ 4信号
          ├─ thought: 需要木板，先砍树获取原木...
          └─ [MEDIUM] redundant_gather: 木材充足(≈144木板当量)，仍在砍树
          └─ [HIGH] action_loop: 最近8步中'砍树'出现7次
          └─ [MEDIUM] goal_drift: 最近10步无任何成功的主线推进动作
          └─ [HIGH] survival_neglect: HP仅剩3，仍在执行: 砍树
  Step 63: [✓] 砍树 | ⚠ 你很饿，HP-1！(HP:2/20)
动作成功：获得 原木×1
[HP:2/20 饥饿:5/20 位置:森林 时间:白天] ⚠ 4信号
          ├─ thought: 需要木板，先砍树获取原木...
          └─ [MEDIUM] redundant_gather: 木材充足(≈152木板当量)，仍在砍树
          └─ [HIGH] action_loop: 最近8步中'砍树'出现7次
          └─ [MEDIUM] goal_drift: 最近10步无任何成功的主线推进动作
          └─ [HIGH] survival_neglect: HP仅剩2，仍在执行: 砍树
  Step 64: [✓] 砍树 | ⚠ 你很饿，HP-1！(HP:1/20)
动作成功：获得 原木×1
[HP:1/20 饥饿:4/20 位置:森林 时间:白天] ⚠ 4信号
          ├─ thought: 需要木板，先砍树获取原木...
          └─ [MEDIUM] redundant_gather: 木材充足(≈156木板当量)，仍在砍树
          └─ [HIGH] action_loop: 最近8步中'砍树'出现7次
          └─ [MEDIUM] goal_drift: 最近10步无任何成功的主线推进动作
          └─ [HIGH] survival_neglect: HP仅剩1，仍在执行: 砍树
  Step 65: [✗] 砍树 | 你因饥饿而死！游戏结束。 ⚠ 4信号
          ├─ thought: 需要木板，先砍树获取原木...
          └─ [MEDIUM] redundant_gather: 木材充足(≈160木板当量)，仍在砍树
          └─ [HIGH] action_loop: 最近8步中'砍树'出现8次
          └─ [MEDIUM] goal_drift: 最近10步无任何成功的主线推进动作
          └─ [HIGH] survival_neglect: HP仅剩0，仍在执行: 砍树

  💀 Agent 死亡 (starvation)，Step 65

检测摘要: {
  "total": 159,
  "by_type": {
    "action_loop": 41,
    "redundant_gather": 39,
    "prerequisite_skip": 1,
    "goal_drift": 51,
    "redundant_craft": 5,
    "spatial_confusion": 16,
    "survival_neglect": 6
  },
  "by_severity": {
    "high": 69,
    "medium": 90
  },
  "first_signal_step": 7
}
