
============================================================
实验开始 | 难度: medium | 目标: 铁镐
支线: ['火把', '面包']
生存模式: True
============================================================
  Step 1: [✓] 砍树 | 动作成功：获得 原木×2
[HP:20/20 饥饿:20/20 位置:森林 时间:白天]
          ├─ thought: 我需要完成合成铁镐的最终目标，以及火把和面包的支线任务。首先，我需要从基础开始，先砍树获取原木。...
  Step 2: [✓] 合成 木板 | 动作成功：合成了木板×4
[HP:20/20 饥饿:20/20 位置:森林 时间:白天]
          ├─ thought: 我现在有2个原木，首先需要将原木转换为木板，然后才能进行后续合成...
  Step 3: [✓] 合成 木板 | 动作成功：合成了木板×4
[HP:20/20 饥饿:20/20 位置:森林 时间:白天]
          ├─ thought: 我需要继续合成木板，然后制作工作台和木棍。首先将剩余的原木合成木板...
  Step 4: [✓] 合成 木棍 | 动作成功：合成了木棍×4
[HP:20/20 饥饿:19/20 位置:森林 时间:白天]
          ├─ thought: 我需要完成铁镐的合成，支线任务是火把和面包。首先需要制作工作台，然后制作木棍，再制作木镐。...
  Step 5: [✓] 合成 工作台 | 动作成功：合成了工作台×1
[HP:20/20 饥饿:19/20 位置:森林 时间:白天]
          ├─ thought: 我需要合成工作台，然后制作木镐来开始挖矿。我已经有了足够的木板和木棍。...
  Step 6: [✗] 合成 木镐 | 动作失败：材料不足，无法合成木镐。(缺1个木板)
[HP:20/20 饥饿:19/20 位置:森林 时间:白天]
          ├─ thought: 我需要先完成支线任务：火把和面包。火把需要煤炭和木棍，面包需要小麦。我已经有工作台和木棍，现在需要合成木镐去挖煤炭，同时也需要去平原采集小麦。先合成木镐。...
  Step 7: [✓] 砍树 | 动作成功：获得 原木×2
[HP:20/20 饥饿:19/20 位置:森林 时间:白天]
          ├─ thought: 我需要合成木镐，但缺少1个木板。我应该先砍树获取更多原木，然后合成木板。...
  Step 8: [✓] 合成 木板 | 动作成功：合成了木板×4
[HP:20/20 饥饿:18/20 位置:森林 时间:白天]
          ├─ thought: 我有原木×2，需要先将其合成为木板，然后才能合成木镐...
  Step 9: [✓] 合成 木镐 | 动作成功：合成了木镐×1
[HP:20/20 饥饿:18/20 位置:森林 时间:白天]
          ├─ thought: 现在需要合成木镐，我已经有足够的木板和木棍了...
  Step 10: [✓] 移动 矿洞 | 动作成功：从森林移动到矿洞。深邃的矿洞，可以挖掘各种矿石
[HP:20/20 饥饿:18/20 位置:矿洞 时间:白天]
          ├─ thought: 我需要完成最终目标"合成铁镐"，以及支线任务"火把"和"面包"。首先，我需要移动到矿洞，用木镐挖一些圆石来制作石镐和熔炉。...
  Step 11: [✓] 挖矿 圆石 | 动作成功：使用木镐挖出圆石×1。
[HP:20/20 饥饿:18/20 位置:矿洞 时间:白天]
          ├─ thought: 现在我在矿洞，有木镐，可以开始挖圆石了。圆石是制作石镐和熔炉的必要材料。...
  Step 12: [✓] 挖矿 圆石 | 动作成功：使用木镐挖出圆石×1。
[HP:20/20 饥饿:17/20 位置:矿洞 时间:白天]
          ├─ thought: 我需要继续挖圆石来合成石镐和熔炉。石镐需要3个圆石，熔炉需要8个圆石，总共需要11个圆石。目前只有1个，还需要挖10个。...
  Step 13: [✓] 挖矿 圆石 | 动作成功：使用木镐挖出圆石×1。
[HP:20/20 饥饿:17/20 位置:矿洞 时间:白天]
          ├─ thought: 我需要继续挖圆石来合成石镐和熔炉。石镐需要3个圆石，熔炉需要8个圆石，总共需要11个圆石，目前只有2个。...
  Step 14: [✓] 合成 石镐 | 动作成功：合成了石镐×1
夜晚降临，但在安全期内，没有怪物出现。
[HP:20/20 饥饿:17/20 位置:矿洞 时间:夜晚]
          ├─ thought: 我需要完成支线任务：火把和面包，然后合成铁镐。现在我已经有了圆石，可以合成石镐，这样可以挖铁矿石。...
  Step 15: [✓] 挖矿 煤炭 | 动作成功：使用木镐挖出煤炭×1。
夜晚降临，但在安全期内，没有怪物出现。
[HP:20/20 饥饿:17/20 位置:矿洞 时间:夜晚]
          ├─ thought: 我需要完成两个支线任务：火把和面包，然后合成铁镐。现在是夜晚，我应该先挖煤炭来制作火把。...
  Step 16: [✓] 挖矿 煤炭 | 动作成功：使用木镐挖出煤炭×2。
夜晚降临，但在安全期内，没有怪物出现。
[HP:20/20 饥饿:16/20 位置:矿洞 时间:夜晚]
          ├─ thought: 我需要完成支线任务和主线任务。首先，我需要再挖一些煤炭和木棍来制作火把。...
  Step 17: [✗] 合成 火把 | 动作失败：材料不足，无法合成火把。(缺1个木棍)
夜晚降临，但在安全期内，没有怪物出现。
[HP:20/20 饥饿:16/20 位置:矿洞 时间:夜晚]
          ├─ thought: 我需要完成支线任务：火把和面包，然后合成铁镐。先制作火把，需要煤炭和木棍，我已有煤炭，需要合成火把。...
  Step 18: [✓] 合成 木棍 | 动作成功：合成了木棍×4
夜晚降临，但在安全期内，没有怪物出现。
[HP:20/20 饥饿:16/20 位置:矿洞 时间:夜晚]
          ├─ thought: 需要完成支线任务火把和面包。先合成火把，我有煤炭但缺木棍，需要合成木棍...
  Step 19: [✓] 合成 火把 | 动作成功：合成了火把×4
夜晚降临，但在安全期内，没有怪物出现。
[HP:20/20 饥饿:16/20 位置:矿洞 时间:夜晚]
          ├─ thought: 我现在需要完成支线任务：火把和面包。先合成火把，我已经有煤炭和木棍了。...
  Step 20: [✓] 挖矿 圆石 | 动作成功：使用木镐挖出圆石×1。
[HP:20/20 饥饿:15/20 位置:矿洞 时间:白天]
          ├─ thought: 我已经完成了支线任务中的火把制作，接下来需要完成面包制作和最终目标铁镐。面包需要小麦，小麦在平原可以采集。铁镐需要铁锭，需要先挖铁矿石然后熔炼。但我还需要制作熔炉，熔炉需要8个圆石。...
  Step 21: [✓] 挖矿 圆石 | 动作成功：使用木镐挖出圆石×1。
[HP:20/20 饥饿:15/20 位置:矿洞 时间:白天]
          ├─ thought: 我需要完成两个支线任务：火把和面包，以及最终目标铁镐。火把已经完成了，现在需要制作面包和铁镐。为了制作铁镐，我需要先制作熔炉，然后挖铁矿石并熔炼成铁锭。为了制作面包，我需要去平原采集小麦。先继续挖圆石...
  Step 22: [✓] 挖矿 圆石 | 动作成功：使用木镐挖出圆石×1。
[HP:20/20 饥饿:15/20 位置:矿洞 时间:白天]
          ├─ thought: 我需要完成两个支线任务和一个主要任务。火把任务已完成，现在需要完成面包任务和铁镐主任务。先完成熔炉，然后挖铁矿石。目前需要更多圆石来合成熔炉。...
  Step 23: [✗] 合成 熔炉 | 动作失败：材料不足，无法合成熔炉。(缺5个圆石)
[HP:20/20 饥饿:15/20 位置:矿洞 时间:白天]
          ├─ thought: 我需要完成支线任务和主线任务。火把已经完成，还需要面包和铁镐。面包需要小麦，铁镐需要铁矿石。先合成熔炉，然后挖铁矿石。...
  Step 24: [✓] 挖矿 圆石 | 动作成功：使用木镐挖出圆石×1。
[HP:20/20 饥饿:14/20 位置:矿洞 时间:白天] ⚠ 1信号
          ├─ thought: 我需要继续挖圆石来合成熔炉。熔炉需要8个圆石，目前只有3个，还需要5个。...
          └─ [HIGH] action_loop: 最近8步中'挖矿 圆石'出现5次
  Step 25: [✓] 挖矿 圆石 | 动作成功：使用木镐挖出圆石×1。
[HP:20/20 饥饿:14/20 位置:矿洞 时间:白天] ⚠ 2信号
          ├─ thought: 我需要完成支线任务和主线任务。火把已经合成完成，还需要合成面包和铁镐。先继续挖圆石来制作熔炉，然后才能熔炼铁矿石。...
          └─ [HIGH] action_loop: 最近8步中'挖矿 圆石'出现6次
          └─ [MEDIUM] tool_ignorance: 木镐仅剩2耐久，思考中未提及
  Step 26: [✓] 挖矿 圆石 | 动作成功：使用木镐挖出圆石×1。
[HP:20/20 饥饿:14/20 位置:矿洞 时间:白天] ⚠ 2信号
          ├─ thought: 需要完成熔炉，再挖矿石。目前有5个圆石，还需要3个圆石才能合成熔炉...
          └─ [HIGH] action_loop: 最近8步中'挖矿 圆石'出现7次
          └─ [MEDIUM] tool_ignorance: 木镐仅剩1耐久，思考中未提及
  Step 27: [✗] 合成 熔炉 | 动作失败：材料不足，无法合成熔炉。(缺2个圆石)
[HP:20/20 饥饿:14/20 位置:矿洞 时间:白天] ⚠ 1信号
          ├─ thought: 我已经完成了支线任务中的火把，还需要面包和最终目标铁镐。现在我需要合成熔炉，然后挖铁矿石。我已经有足够的圆石来合成熔炉了。...
          └─ [HIGH] action_loop: 最近8步中'挖矿 圆石'出现5次
  Step 28: [✓] 挖矿 圆石 | 动作成功：使用木镐挖出圆石×1。 ⚠ 木镐已损坏！
[HP:20/20 饥饿:13/20 位置:矿洞 时间:白天] ⚠ 1信号
          ├─ thought: 我需要完成两个支线任务：火把和面包，以及主任务铁镐。火把已经完成了，现在需要完成面包，然后合成熔炉来冶炼铁矿石。我还需要2个圆石来合成熔炉。...
          └─ [HIGH] action_loop: 最近8步中'挖矿 圆石'出现6次
  Step 29: [✓] 移动 平原 | 动作成功：从矿洞移动到平原。开阔的平原，可以放牧、收割小麦和甘蔗
[HP:20/20 饥饿:13/20 位置:平原 时间:白天]
          ├─ thought: 需要完成面包这个支线任务，先移动到平原采集小麦...
  Step 30: [✓] 采集 小麦 | 动作成功：获得 小麦×3
[HP:20/20 饥饿:13/20 位置:平原 时间:白天]
          ├─ thought: 我需要完成支线任务中的面包。根据合成配方，面包需要3个小麦，而小麦可以在平原采集。现在我正好在平原，可以直接采集小麦。...
  Step 31: [✓] 合成 面包 | 动作成功：合成了面包×1
[HP:20/20 饥饿:13/20 位置:平原 时间:白天]
          ├─ thought: 我已经完成了支线任务中的火把，现在需要完成面包，然后继续完成主线任务铁镐。我已经有了3个小麦，可以直接合成面包...
  Step 32: [✓] 移动 矿洞 | 动作成功：从平原移动到矿洞。深邃的矿洞，可以挖掘各种矿石
[HP:20/20 饥饿:12/20 位置:矿洞 时间:白天]
          ├─ thought: 我已经完成了支线任务中的火把和面包。现在需要继续主线任务制作铁镐。我需要回到矿洞，用石镐挖铁矿石，然后制作熔炉熔炼铁锭。首先，我需要用剩余的圆石制作熔炉。...
  Step 33: [✓] 挖矿 圆石 | 动作成功：使用石镐挖出圆石×1。
[HP:20/20 饥饿:12/20 位置:矿洞 时间:白天]
          ├─ thought: 我需要继续挖圆石来合成熔炉，然后挖铁矿石来完成铁镐的合成。现在我有石镐，可以挖圆石和铁矿石了。...
  Step 34: [✓] 合成 熔炉 | 动作成功：合成了熔炉×1
⚠ 夜晚降临！借着火把的微光抵御了部分袭击，受到4点伤害！(HP:16/20)
[HP:16/20 饥饿:12/20 位置:矿洞 时间
          ├─ thought: 我需要合成熔炉，已经有8个圆石，正好够合成熔炉...
  Step 35: [✓] 吃 面包 | 动作成功：吃了面包，恢复5点饥饿值。(饥饿:17/20)
⚠ 夜晚降临！借着火把的微光抵御了部分袭击，受到3点伤害！(HP:13/20)
[HP:13/20 饥
          ├─ thought: 现在需要完成铁镐的合成。我们已经完成了支线任务中的火把和面包。现在需要挖铁矿石并熔炼成铁锭来制作铁镐。但现在是夜晚，先吃面包恢复饥饿值，然后继续挖铁矿石。...
  Step 36: [✓] 挖矿 铁矿石 | 动作成功：使用石镐挖出铁矿石×1。
⚠ 夜晚降临！借着火把的微光抵御了部分袭击，受到1点伤害！(HP:13/20)
[HP:13/20 饥饿:16/20 位置:
          ├─ thought: 现在我在矿洞，夜晚，有火把减免伤害，但仍然不安全。我需要挖铁矿石来完成最终目标铁镐。我有石镐，可以挖铁矿石。...
  Step 37: [✓] 熔炼 铁矿石 | 动作成功：将铁矿石熔炼为铁锭×1
⚠ 夜晚降临！借着火把的微光抵御了部分袭击，受到1点伤害！(HP:13/20)
[HP:13/20 饥饿:16/20 位置:矿
          ├─ thought: 我需要完成铁镐的合成，已经有了铁矿石，需要熔炼成铁锭。现在是夜晚，在矿洞中比较危险，我应该先熔炼铁矿石。...
  Step 38: [✓] 挖矿 铁矿石 | 动作成功：使用石镐挖出铁矿石×1。
⚠ 夜晚降临！借着火把的微光抵御了部分袭击，受到4点伤害！(HP:10/20)
[HP:10/20 饥饿:16/20 位置:
          ├─ thought: 我需要继续挖铁矿石并熔炼，目标是获得足够的铁锭来制作铁镐。铁镐需要3个铁锭和2个木棍，我已经有1个铁锭和3个木棍，所以还需要挖掘和熔炼2个铁矿石。...
  Step 39: [✓] 熔炼 铁矿石 | 动作成功：将铁矿石熔炼为铁锭×1
⚠ 夜晚降临！借着火把的微光抵御了部分袭击，受到4点伤害！(HP:7/20)
[HP:7/20 饥饿:16/20 位置:矿洞 
          ├─ thought: 我现在需要继续熔炼铁矿石，然后获取更多铁矿石来合成铁镐。目前我已经完成了支线任务火把和面包，只需要完成主线任务铁镐。...
  Step 40: [✓] 挖矿 铁矿石 | 动作成功：使用石镐挖出铁矿石×1。
[HP:8/20 饥饿:15/20 位置:矿洞 时间:白天]
          ├─ thought: 我需要完成铁镐的合成，目前已有2个铁锭，还需要1个铁锭和足够的木棍。继续挖铁矿石并熔炼。...
  Step 41: [✓] 熔炼 铁矿石 | 动作成功：将铁矿石熔炼为铁锭×1
[HP:9/20 饥饿:15/20 位置:矿洞 时间:白天]
          ├─ thought: 我需要完成铁镐的合成。目前我有2个铁锭，还需要1个铁锭和足够的木棍。现在应该先熔炼剩余的铁矿石获得第三个铁锭。...
  Step 42: [✓] 合成 铁镐 | 动作成功：合成了铁镐×1
[HP:10/20 饥饿:15/20 位置:矿洞 时间:白天]
          ├─ thought: 现在我已经有3个铁锭，足够合成铁镐了。我需要用工作台合成铁镐，需要3个铁锭和2个木棍。我已经有3个木棍，所以可以直接合成铁镐。...
  Step 43: [✗] 任务完成 | 动作失败：无法识别的指令 '任务完成'。请参考可用动作格式。
[HP:11/20 饥饿:15/20 位置:矿洞 时间:白天]
          ├─ thought: 我已经完成了最终目标（合成铁镐）和支线任务（火把、面包）。任务已经全部完成，不需要再进行其他操作。...
  Step 44: [✓] 移动 森林 | 动作成功：从矿洞移动到森林。茂密的森林，可以砍树、打猎和采集苹果
[HP:11/20 饥饿:14/20 位置:森林 时间:白天]
          ├─ thought: 任务已经完成了！我们成功合成了铁镐，并且也完成了支线任务：火把和面包。让我们确认一下：
1. 铁镐：已合成，在背包中
2. 火把：已合成，在背包中有4个
3. 面包：已合成并吃掉了

所有任务都已完成...
  Step 45: [✗] 睡觉 | 动作失败：需要床或避难所才能安全睡觉。
[HP:11/20 饥饿:14/20 位置:森林 时间:白天]
          ├─ thought: 我已经完成了支线任务的火把和面包，也成功合成了铁镐，即最终目标。现在所有任务都已完成，可以结束任务了。...
  Step 46: [✗] 任务已完成 | 动作失败：无法识别的指令 '任务已完成'。请参考可用动作格式。
[HP:11/20 饥饿:14/20 位置:森林 时间:白天]
          ├─ thought: 我已经完成了两个支线任务：合成了火把和面包，也已经合成了铁镐作为最终目标。现在任务已经全部完成，可以确认任务完成。...
  Step 47: [✗] 任务完成 | 动作失败：无法识别的指令 '任务完成'。请参考可用动作格式。
[HP:11/20 饥饿:14/20 位置:森林 时间:白天]
          ├─ thought: 我已经完成了所有的任务目标：合成了铁镐，制作了火把，制作了面包。现在可以确认任务完成。...
  Step 48: [✗] 吃 面包 | 动作失败：你没有面包。
[HP:11/20 饥饿:13/20 位置:森林 时间:白天]
          ├─ thought: 我已经完成了最终目标和支线任务！我已经合成了铁镐，并且之前已经完成了火把和面包的合成。所有任务都已完成，但系统不接受"任务完成"这个指令。我可以尝试休息一下，恢复一些生命值。...
  Step 49: [✗] 查看 任务 | 动作失败：无法识别的指令 '查看 任务'。请参考可用动作格式。
[HP:11/20 饥饿:13/20 位置:森林 时间:白天]
          ├─ thought: 我已经完成了支线任务和最终目标。我成功合成了火把、面包和铁镐，所有任务都已完成。...
  Step 50: [✗] 睡觉 | 动作失败：需要床或避难所才能安全睡觉。
[HP:11/20 饥饿:13/20 位置:森林 时间:白天]
          ├─ thought: 我已经完成了所有任务！我成功合成了火把、面包和铁镐，这些都是我的目标。现在可以休息了。...
  Step 51: [✓] 砍树 | 动作成功：获得 原木×2
[HP:11/20 饥饿:13/20 位置:森林 时间:白天]
          ├─ thought: 我已经完成了最终目标和支线任务：
1. 铁镐：已成功合成，在背包中
2. 火把：已成功合成，在背包中有4个
3. 面包：已成功合成并食用了

所有任务都已完成，没有其他需要做的事情了。...
  Step 52: [✓] 采集 苹果 | 动作成功：获得 苹果×2
[HP:11/20 饥饿:12/20 位置:森林 时间:白天] ⚠ 1信号
          ├─ thought: 我已经完成了最终目标(合成铁镐)和支线任务(合成火把和面包)。让我检查一下我的状态：我有铁镐、火把和已经吃掉的面包。任务已经完成，但我的HP和饥饿值都不满，可以考虑补充一下。...
          └─ [MEDIUM] goal_drift: 最近10步无任何成功的主线推进动作
  Step 53: [✓] 吃 苹果 | 动作成功：吃了苹果，恢复4点饥饿值。(饥饿:16/20)
[HP:11/20 饥饿:16/20 位置:森林 时间:白天] ⚠ 1信号
          ├─ thought: 我已经完成了最终目标和支线任务：
1. 合成了铁镐（最终目标）
2. 合成了火把（支线任务）
3. 合成了面包（支线任务）

现在我应该吃点东西恢复饥饿值，苹果是个不错的选择。...
          └─ [MEDIUM] goal_drift: 最近10步无任何成功的主线推进动作
  Step 54: [✗] 睡觉 | 动作失败：需要床或避难所才能安全睡觉。
⚠ 夜晚降临！借着火把的微光抵御了部分袭击，受到1点伤害！(HP:11/20)
[HP:11/20 饥饿:16/20 位 ⚠ 1信号
          ├─ thought: 我们已经完成了最终目标"合成铁镐"和支线任务"火把"和"面包"。任务已经全部完成，可以休息了。...
          └─ [MEDIUM] goal_drift: 最近10步无任何成功的主线推进动作
